[0.000000] (-) TimerEvent: {}
[0.000397] (turtle_circle) JobQueued: {'identifier': 'turtle_circle', 'dependencies': OrderedDict()}
[0.000438] (turtle_circle) JobStarted: {'identifier': 'turtle_circle'}
[0.099163] (-) TimerEvent: {}
[0.199498] (-) TimerEvent: {}
[0.299752] (-) TimerEvent: {}
[0.400049] (-) TimerEvent: {}
[0.445637] (turtle_circle) Command: {'cmd': ['/usr/bin/python3', '-W', 'ignore:setup.py install is deprecated', 'setup.py', 'develop', '--editable', '--build-directory', '/home/user/AAE4202_src/assignment_1/turtle_circle/build/turtle_circle/build', '--no-deps', 'symlink_data'], 'cwd': '/home/user/AAE4202_src/assignment_1/turtle_circle/build/turtle_circle', 'env': {'GJS_DEBUG_TOPICS': 'JS ERROR;JS LOG', 'LESSOPEN': '| /usr/bin/lesspipe %s', 'LANGUAGE': 'zh_CN:en', 'USER': 'user', 'LC_TIME': 'zh_CN.UTF-8', 'XDG_SESSION_TYPE': 'wayland', 'GIT_ASKPASS': '/usr/share/code/resources/app/extensions/git/dist/askpass.sh', 'SHLVL': '1', 'LD_LIBRARY_PATH': '/opt/ros/humble/opt/rviz_ogre_vendor/lib:/opt/ros/humble/lib/x86_64-linux-gnu:/opt/ros/humble/lib', 'HOME': '/home/user', 'CHROME_DESKTOP': 'code-url-handler.desktop', 'OLDPWD': '/home/user/AAE4202_src/assignment_1', 'TERM_PROGRAM_VERSION': '1.93.1', 'DESKTOP_SESSION': 'ubuntu', 'GIO_LAUNCHED_DESKTOP_FILE': '/usr/share/applications/code.desktop', 'ROS_PYTHON_VERSION': '3', 'GNOME_SHELL_SESSION_MODE': 'ubuntu', 'GTK_MODULES': 'gail:atk-bridge', 'VSCODE_GIT_ASKPASS_MAIN': '/usr/share/code/resources/app/extensions/git/dist/askpass-main.js', 'LC_MONETARY': 'zh_CN.UTF-8', 'VSCODE_GIT_ASKPASS_NODE': '/usr/share/code/code', 'MANAGERPID': '1612', 'SYSTEMD_EXEC_PID': '1789', 'IM_CONFIG_CHECK_ENV': '1', 'DBUS_SESSION_BUS_ADDRESS': 'unix:path=/run/user/1000/bus', 'COLORTERM': 'truecolor', 'GIO_LAUNCHED_DESKTOP_FILE_PID': '3616', 'IM_CONFIG_PHASE': '1', 'WAYLAND_DISPLAY': 'wayland-0', 'ROS_DISTRO': 'humble', 'LOGNAME': 'user', 'JOURNAL_STREAM': '8:385', '_': '/usr/bin/colcon', 'ROS_VERSION': '2', 'XDG_SESSION_CLASS': 'user', 'USERNAME': 'user', 'TERM': 'xterm-256color', 'GNOME_DESKTOP_SESSION_ID': 'this-is-deprecated', 'ROS_LOCALHOST_ONLY': '0', 'PATH': '/home/user/.local/bin:/home/user/.local/bin:/opt/ros/humble/bin:/home/user/.local/bin:/usr/local/sbin:/usr/local/bin:/usr/sbin:/usr/bin:/sbin:/bin:/usr/games:/usr/local/games:/snap/bin:/snap/bin', 'SESSION_MANAGER': 'local/user-NUC14RVK-B:@/tmp/.ICE-unix/1760,unix/user-NUC14RVK-B:/tmp/.ICE-unix/1760', 'INVOCATION_ID': '0fdb6cdca26f40bdac9f127d2fc2e476', 'PAPERSIZE': 'a4', 'XDG_MENU_PREFIX': 'gnome-', 'LC_ADDRESS': 'zh_CN.UTF-8', 'GNOME_SETUP_DISPLAY': ':1', 'XDG_RUNTIME_DIR': '/run/user/1000', 'GDK_BACKEND': 'x11', 'DISPLAY': ':0', 'LANG': 'zh_CN.UTF-8', 'XDG_CURRENT_DESKTOP': 'Unity', 'LC_TELEPHONE': 'zh_CN.UTF-8', 'XMODIFIERS': '@im=ibus', 'XDG_SESSION_DESKTOP': 'ubuntu', 'XAUTHORITY': '/run/user/1000/.mutter-Xwaylandauth.QD0SU2', 'LS_COLORS': '', 'VSCODE_GIT_IPC_HANDLE': '/run/user/1000/vscode-git-54a0c563c0.sock', 'TERM_PROGRAM': 'vscode', 'SSH_AGENT_LAUNCHER': 'gnome-keyring', 'SSH_AUTH_SOCK': '/run/user/1000/keyring/ssh', 'AMENT_PREFIX_PATH': '/opt/ros/humble', 'ORIGINAL_XDG_CURRENT_DESKTOP': 'ubuntu:GNOME', 'SHELL': '/bin/bash', 'LC_NAME': 'zh_CN.UTF-8', 'QT_ACCESSIBILITY': '1', 'GDMSESSION': 'ubuntu', 'LESSCLOSE': '/usr/bin/lesspipe %s %s', 'LC_MEASUREMENT': 'zh_CN.UTF-8', 'GJS_DEBUG_OUTPUT': 'stderr', 'LC_IDENTIFICATION': 'zh_CN.UTF-8', 'VSCODE_GIT_ASKPASS_EXTRA_ARGS': '', 'QT_IM_MODULE': 'ibus', 'PWD': '/home/user/AAE4202_src/assignment_1/turtle_circle/build/turtle_circle', 'LC_ALL': 'en_US.UTF-8', 'XDG_CONFIG_DIRS': '/etc/xdg/xdg-ubuntu:/etc/xdg', 'XDG_DATA_DIRS': '/usr/share/ubuntu:/usr/local/share/:/usr/share/:/var/lib/snapd/desktop', 'PYTHONPATH': '/home/user/AAE4202_src/assignment_1/turtle_circle/build/turtle_circle/prefix_override:/usr/lib/python3/dist-packages/colcon_core/task/python/colcon_distutils_commands:/home/user/AAE4202_src/assignment_1/turtle_circle/install/turtle_circle/lib/python3.10/site-packages:/opt/ros/humble/lib/python3.10/site-packages:/opt/ros/humble/local/lib/python3.10/dist-packages', 'LC_NUMERIC': 'zh_CN.UTF-8', 'LC_PAPER': 'zh_CN.UTF-8', 'COLCON': '1'}, 'shell': False}
[0.500140] (-) TimerEvent: {}
[0.600456] (-) TimerEvent: {}
[0.642717] (turtle_circle) StdoutLine: {'line': b'running develop\n'}
[0.643237] (turtle_circle) StderrLine: {'line': b'/home/user/.local/lib/python3.10/site-packages/setuptools/command/develop.py:42: EasyInstallDeprecationWarning: easy_install command is deprecated.\n'}
[0.643352] (turtle_circle) StderrLine: {'line': b'!!\n'}
[0.643443] (turtle_circle) StderrLine: {'line': b'\n'}
[0.643512] (turtle_circle) StderrLine: {'line': b'        ********************************************************************************\n'}
[0.643579] (turtle_circle) StderrLine: {'line': b'        Please avoid running ``setup.py`` and ``easy_install``.\n'}
[0.643644] (turtle_circle) StderrLine: {'line': b'        Instead, use pypa/build, pypa/installer or other\n'}
[0.643712] (turtle_circle) StderrLine: {'line': b'        standards-based tools.\n'}
[0.643777] (turtle_circle) StderrLine: {'line': b'\n'}
[0.643839] (turtle_circle) StderrLine: {'line': b'        See https://github.com/pypa/setuptools/issues/917 for details.\n'}
[0.643903] (turtle_circle) StderrLine: {'line': b'        ********************************************************************************\n'}
[0.643967] (turtle_circle) StderrLine: {'line': b'\n'}
[0.644031] (turtle_circle) StderrLine: {'line': b'!!\n'}
[0.644094] (turtle_circle) StderrLine: {'line': b'  easy_install.initialize_options(self)\n'}
[0.700546] (-) TimerEvent: {}
[0.743750] (turtle_circle) StdoutLine: {'line': b'running egg_info\n'}
[0.750851] (turtle_circle) StdoutLine: {'line': b'writing turtle_circle.egg-info/PKG-INFO\n'}
[0.751190] (turtle_circle) StdoutLine: {'line': b'writing dependency_links to turtle_circle.egg-info/dependency_links.txt\n'}
[0.751347] (turtle_circle) StdoutLine: {'line': b'writing entry points to turtle_circle.egg-info/entry_points.txt\n'}
[0.751474] (turtle_circle) StdoutLine: {'line': b'writing requirements to turtle_circle.egg-info/requires.txt\n'}
[0.751537] (turtle_circle) StdoutLine: {'line': b'writing top-level names to turtle_circle.egg-info/top_level.txt\n'}
[0.758587] (turtle_circle) StdoutLine: {'line': b"reading manifest file 'turtle_circle.egg-info/SOURCES.txt'\n"}
[0.759035] (turtle_circle) StdoutLine: {'line': b"writing manifest file 'turtle_circle.egg-info/SOURCES.txt'\n"}
[0.766655] (turtle_circle) StdoutLine: {'line': b'running build_ext\n'}
[0.773779] (turtle_circle) StdoutLine: {'line': b'Creating /home/user/AAE4202_src/assignment_1/turtle_circle/install/turtle_circle/lib/python3.10/site-packages/turtle-circle.egg-link (link to .)\n'}
[0.774169] (turtle_circle) StdoutLine: {'line': b'Installing turtle_pose_show_node script to /home/user/AAE4202_src/assignment_1/turtle_circle/install/turtle_circle/lib/turtle_circle\n'}
[0.774291] (turtle_circle) StdoutLine: {'line': b'Installing turtle_teleop_key script to /home/user/AAE4202_src/assignment_1/turtle_circle/install/turtle_circle/lib/turtle_circle\n'}
[0.774451] (turtle_circle) StdoutLine: {'line': b'\n'}
[0.774521] (turtle_circle) StdoutLine: {'line': b'Installed /home/user/AAE4202_src/assignment_1/turtle_circle/build/turtle_circle\n'}
[0.774611] (turtle_circle) StdoutLine: {'line': b'running symlink_data\n'}
[0.791553] (turtle_circle) CommandEnded: {'returncode': 0}
[0.797770] (turtle_circle) JobEnded: {'identifier': 'turtle_circle', 'rc': 0}
[0.798281] (-) EventReactorShutdown: {}
