[0.333s] Invoking command in '/home/user/AAE4202_src/wk3/turtle_circle': PYTHONPATH=/home/user/AAE4202_src/wk3/turtle_circle/build/turtle_circle/prefix_override:/usr/lib/python3/dist-packages/colcon_core/task/python/colcon_distutils_commands:/home/user/AAE4202_src/wk3/turtle_circle/install/turtle_circle/lib/python3.10/site-packages:${PYTHONPATH} /usr/bin/python3 -W ignore:setup.py install is deprecated setup.py egg_info --egg-base build/turtle_circle build --build-base /home/user/AAE4202_src/wk3/turtle_circle/build/turtle_circle/build install --record /home/user/AAE4202_src/wk3/turtle_circle/build/turtle_circle/install.log --single-version-externally-managed install_data
[0.480s] running egg_info
[0.480s] writing build/turtle_circle/turtle_circle.egg-info/PKG-INFO
[0.480s] writing dependency_links to build/turtle_circle/turtle_circle.egg-info/dependency_links.txt
[0.480s] writing entry points to build/turtle_circle/turtle_circle.egg-info/entry_points.txt
[0.480s] writing requirements to build/turtle_circle/turtle_circle.egg-info/requires.txt
[0.480s] writing top-level names to build/turtle_circle/turtle_circle.egg-info/top_level.txt
[0.481s] reading manifest file 'build/turtle_circle/turtle_circle.egg-info/SOURCES.txt'
[0.482s] writing manifest file 'build/turtle_circle/turtle_circle.egg-info/SOURCES.txt'
[0.482s] running build
[0.482s] running build_py
[0.482s] copying turtle_circle/turtle_teleop_key.py -> /home/user/AAE4202_src/wk3/turtle_circle/build/turtle_circle/build/lib/turtle_circle
[0.482s] running install
[0.482s] running install_lib
[0.482s] copying /home/user/AAE4202_src/wk3/turtle_circle/build/turtle_circle/build/lib/turtle_circle/turtle_teleop_key.py -> /home/user/AAE4202_src/wk3/turtle_circle/install/turtle_circle/lib/python3.10/site-packages/turtle_circle
[0.483s] byte-compiling /home/user/AAE4202_src/wk3/turtle_circle/install/turtle_circle/lib/python3.10/site-packages/turtle_circle/turtle_teleop_key.py to turtle_teleop_key.cpython-310.pyc
[0.483s] running install_data
[0.483s] running install_egg_info
[0.484s] removing '/home/user/AAE4202_src/wk3/turtle_circle/install/turtle_circle/lib/python3.10/site-packages/turtle_circle-0.0.0-py3.10.egg-info' (and everything under it)
[0.484s] Copying build/turtle_circle/turtle_circle.egg-info to /home/user/AAE4202_src/wk3/turtle_circle/install/turtle_circle/lib/python3.10/site-packages/turtle_circle-0.0.0-py3.10.egg-info
[0.484s] running install_scripts
[0.496s] Installing turtle_teleop_key script to /home/user/AAE4202_src/wk3/turtle_circle/install/turtle_circle/lib/turtle_circle
[0.496s] writing list of installed files to '/home/user/AAE4202_src/wk3/turtle_circle/build/turtle_circle/install.log'
[0.509s] Invoked command in '/home/user/AAE4202_src/wk3/turtle_circle' returned '0': PYTHONPATH=/home/user/AAE4202_src/wk3/turtle_circle/build/turtle_circle/prefix_override:/usr/lib/python3/dist-packages/colcon_core/task/python/colcon_distutils_commands:/home/user/AAE4202_src/wk3/turtle_circle/install/turtle_circle/lib/python3.10/site-packages:${PYTHONPATH} /usr/bin/python3 -W ignore:setup.py install is deprecated setup.py egg_info --egg-base build/turtle_circle build --build-base /home/user/AAE4202_src/wk3/turtle_circle/build/turtle_circle/build install --record /home/user/AAE4202_src/wk3/turtle_circle/build/turtle_circle/install.log --single-version-externally-managed install_data
