[0.378s] Invoking command in '/home/user/AAE4202_src/wk3/turtle_circle/build/turtle_circle': PYTHONPATH=/home/user/AAE4202_src/wk3/turtle_circle/build/turtle_circle/prefix_override:/usr/lib/python3/dist-packages/colcon_core/task/python/colcon_distutils_commands:/home/user/AAE4202_src/wk3/turtle_circle/install/turtle_circle/lib/python3.10/site-packages:${PYTHONPATH} /usr/bin/python3 -W ignore:setup.py install is deprecated setup.py develop --editable --build-directory /home/user/AAE4202_src/wk3/turtle_circle/build/turtle_circle/build --no-deps symlink_data
[0.521s] running develop
[0.521s] /usr/lib/python3/dist-packages/setuptools/command/easy_install.py:158: EasyInstallDeprecationWarning: easy_install command is deprecated. Use build and pip and other standards-based tools.
[0.521s]   warnings.warn(
[0.605s] running egg_info
[0.605s] writing turtle_circle.egg-info/PKG-INFO
[0.605s] writing dependency_links to turtle_circle.egg-info/dependency_links.txt
[0.605s] writing entry points to turtle_circle.egg-info/entry_points.txt
[0.605s] writing requirements to turtle_circle.egg-info/requires.txt
[0.605s] writing top-level names to turtle_circle.egg-info/top_level.txt
[0.606s] reading manifest file 'turtle_circle.egg-info/SOURCES.txt'
[0.606s] writing manifest file 'turtle_circle.egg-info/SOURCES.txt'
[0.607s] running build_ext
[0.608s] Creating /home/user/AAE4202_src/wk3/turtle_circle/install/turtle_circle/lib/python3.10/site-packages/turtle-circle.egg-link (link to .)
[0.608s] Installing turtle_pose_show_node script to /home/user/AAE4202_src/wk3/turtle_circle/install/turtle_circle/lib/turtle_circle
[0.608s] Installing turtle_teleop_key script to /home/user/AAE4202_src/wk3/turtle_circle/install/turtle_circle/lib/turtle_circle
[0.608s] 
[0.608s] Installed /home/user/AAE4202_src/wk3/turtle_circle/build/turtle_circle
[0.608s] running symlink_data
[0.624s] Invoked command in '/home/user/AAE4202_src/wk3/turtle_circle/build/turtle_circle' returned '0': PYTHONPATH=/home/user/AAE4202_src/wk3/turtle_circle/build/turtle_circle/prefix_override:/usr/lib/python3/dist-packages/colcon_core/task/python/colcon_distutils_commands:/home/user/AAE4202_src/wk3/turtle_circle/install/turtle_circle/lib/python3.10/site-packages:${PYTHONPATH} /usr/bin/python3 -W ignore:setup.py install is deprecated setup.py develop --editable --build-directory /home/user/AAE4202_src/wk3/turtle_circle/build/turtle_circle/build --no-deps symlink_data
