[0.353s] Invoking command in '/home/user/AAE4202_src/wk3/assignment1': PYTHONPATH=/home/user/AAE4202_src/wk3/assignment1/build/assignment1/prefix_override:/usr/lib/python3/dist-packages/colcon_core/task/python/colcon_distutils_commands:/home/user/AAE4202_src/wk3/assignment1/install/assignment1/lib/python3.10/site-packages:${PYTHONPATH} /usr/bin/python3 -W ignore:setup.py install is deprecated setup.py egg_info --egg-base build/assignment1 build --build-base /home/user/AAE4202_src/wk3/assignment1/build/assignment1/build install --record /home/user/AAE4202_src/wk3/assignment1/build/assignment1/install.log --single-version-externally-managed install_data
[0.498s] running egg_info
[0.499s] writing build/assignment1/assignment1.egg-info/PKG-INFO
[0.499s] writing dependency_links to build/assignment1/assignment1.egg-info/dependency_links.txt
[0.499s] writing entry points to build/assignment1/assignment1.egg-info/entry_points.txt
[0.499s] writing requirements to build/assignment1/assignment1.egg-info/requires.txt
[0.500s] writing top-level names to build/assignment1/assignment1.egg-info/top_level.txt
[0.500s] reading manifest file 'build/assignment1/assignment1.egg-info/SOURCES.txt'
[0.501s] writing manifest file 'build/assignment1/assignment1.egg-info/SOURCES.txt'
[0.501s] running build
[0.501s] running build_py
[0.502s] copying assignment1/student_receive_node.py -> /home/user/AAE4202_src/wk3/assignment1/build/assignment1/build/lib/assignment1
[0.502s] copying assignment1/teacher_hello_node.py -> /home/user/AAE4202_src/wk3/assignment1/build/assignment1/build/lib/assignment1
[0.502s] running install
[0.502s] running install_lib
[0.502s] copying /home/user/AAE4202_src/wk3/assignment1/build/assignment1/build/lib/assignment1/student_receive_node.py -> /home/user/AAE4202_src/wk3/assignment1/install/assignment1/lib/python3.10/site-packages/assignment1
[0.503s] copying /home/user/AAE4202_src/wk3/assignment1/build/assignment1/build/lib/assignment1/teacher_hello_node.py -> /home/user/AAE4202_src/wk3/assignment1/install/assignment1/lib/python3.10/site-packages/assignment1
[0.503s] byte-compiling /home/user/AAE4202_src/wk3/assignment1/install/assignment1/lib/python3.10/site-packages/assignment1/student_receive_node.py to student_receive_node.cpython-310.pyc
[0.503s] byte-compiling /home/user/AAE4202_src/wk3/assignment1/install/assignment1/lib/python3.10/site-packages/assignment1/teacher_hello_node.py to teacher_hello_node.cpython-310.pyc
[0.503s] running install_data
[0.503s] running install_egg_info
[0.503s] removing '/home/user/AAE4202_src/wk3/assignment1/install/assignment1/lib/python3.10/site-packages/assignment1-0.0.0-py3.10.egg-info' (and everything under it)
[0.504s] Copying build/assignment1/assignment1.egg-info to /home/user/AAE4202_src/wk3/assignment1/install/assignment1/lib/python3.10/site-packages/assignment1-0.0.0-py3.10.egg-info
[0.504s] running install_scripts
[0.514s] Installing my_node_1 = assignment1.my_node_1:mainstudent_receive_node = assignment1.student_receive_node:mainteacher_hello_node script to /home/user/AAE4202_src/wk3/assignment1/install/assignment1/lib/assignment1
[0.514s] writing list of installed files to '/home/user/AAE4202_src/wk3/assignment1/build/assignment1/install.log'
[0.529s] Invoked command in '/home/user/AAE4202_src/wk3/assignment1' returned '0': PYTHONPATH=/home/user/AAE4202_src/wk3/assignment1/build/assignment1/prefix_override:/usr/lib/python3/dist-packages/colcon_core/task/python/colcon_distutils_commands:/home/user/AAE4202_src/wk3/assignment1/install/assignment1/lib/python3.10/site-packages:${PYTHONPATH} /usr/bin/python3 -W ignore:setup.py install is deprecated setup.py egg_info --egg-base build/assignment1 build --build-base /home/user/AAE4202_src/wk3/assignment1/build/assignment1/build install --record /home/user/AAE4202_src/wk3/assignment1/build/assignment1/install.log --single-version-externally-managed install_data
