[0.403s] Invoking command in '/home/user/AAE4202_src/wk3/turtle_circle/build/turtle_circle': PYTHONPATH=/home/user/AAE4202_src/wk3/turtle_circle/build/turtle_circle/prefix_override:/usr/lib/python3/dist-packages/colcon_core/task/python/colcon_distutils_commands:/home/user/AAE4202_src/wk3/turtle_circle/install/turtle_circle/lib/python3.10/site-packages:${PYTHONPATH} VIRTUAL_ENV_PROMPT=(.venv) VSCODE_ENV_REPLACE=VIRTUAL_ENV=/home/user/AAE4202_src/.venv:VIRTUAL_ENV_PROMPT=(.venv) /usr/bin/python3 -W ignore:setup.py install is deprecated setup.py develop --editable --build-directory /home/user/AAE4202_src/wk3/turtle_circle/build/turtle_circle/build --no-deps symlink_data
[0.510s] /home/user/.local/lib/python3.10/site-packages/setuptools/_distutils/dist.py:261: UserWarning: Unknown distribution option: 'tests_require'
[0.510s]   warnings.warn(msg)
[0.590s] running develop
[0.590s] /home/user/.local/lib/python3.10/site-packages/setuptools/command/develop.py:41: EasyInstallDeprecationWarning: easy_install command is deprecated.
[0.590s] !!
[0.590s] 
[0.591s]         ********************************************************************************
[0.591s]         Please avoid running ``setup.py`` and ``easy_install``.
[0.591s]         Instead, use pypa/build, pypa/installer or other
[0.591s]         standards-based tools.
[0.591s] 
[0.591s]         See https://github.com/pypa/setuptools/issues/917 for details.
[0.591s]         ********************************************************************************
[0.591s] 
[0.591s] !!
[0.591s]   easy_install.initialize_options(self)
[0.598s] Traceback (most recent call last):
[0.598s]   File "/home/user/AAE4202_src/wk3/turtle_circle/build/turtle_circle/setup.py", line 5, in <module>
[0.598s]     setup(
[0.598s]   File "/home/user/.local/lib/python3.10/site-packages/setuptools/__init__.py", line 117, in setup
[0.598s]     return distutils.core.setup(**attrs)
[0.598s]   File "/home/user/.local/lib/python3.10/site-packages/setuptools/_distutils/core.py", line 183, in setup
[0.598s]     return run_commands(dist)
[0.598s]   File "/home/user/.local/lib/python3.10/site-packages/setuptools/_distutils/core.py", line 199, in run_commands
[0.599s]     dist.run_commands()
[0.599s]   File "/home/user/.local/lib/python3.10/site-packages/setuptools/_distutils/dist.py", line 954, in run_commands
[0.599s]     self.run_command(cmd)
[0.599s]   File "/home/user/.local/lib/python3.10/site-packages/setuptools/dist.py", line 950, in run_command
[0.599s]     super().run_command(command)
[0.599s]   File "/home/user/.local/lib/python3.10/site-packages/setuptools/_distutils/dist.py", line 972, in run_command
[0.599s]     cmd_obj.ensure_finalized()
[0.599s]   File "/home/user/.local/lib/python3.10/site-packages/setuptools/_distutils/cmd.py", line 111, in ensure_finalized
[0.599s]     self.finalize_options()
[0.600s]   File "/home/user/.local/lib/python3.10/site-packages/setuptools/command/develop.py", line 51, in finalize_options
[0.600s]     easy_install.finalize_options(self)
[0.600s]   File "/home/user/.local/lib/python3.10/site-packages/setuptools/command/easy_install.py", line 253, in finalize_options
[0.600s]     'dist_fullname': self.distribution.get_fullname(),
[0.600s]   File "/home/user/.local/lib/python3.10/site-packages/setuptools/_core_metadata.py", line 267, in get_fullname
[0.600s]     return _distribution_fullname(self.get_name(), self.get_version())
[0.600s]   File "/home/user/.local/lib/python3.10/site-packages/setuptools/_core_metadata.py", line 285, in _distribution_fullname
[0.600s]     canonicalize_version(version, strip_trailing_zero=False),
[0.600s] TypeError: canonicalize_version() got an unexpected keyword argument 'strip_trailing_zero'
[0.615s] Invoked command in '/home/user/AAE4202_src/wk3/turtle_circle/build/turtle_circle' returned '1': PYTHONPATH=/home/user/AAE4202_src/wk3/turtle_circle/build/turtle_circle/prefix_override:/usr/lib/python3/dist-packages/colcon_core/task/python/colcon_distutils_commands:/home/user/AAE4202_src/wk3/turtle_circle/install/turtle_circle/lib/python3.10/site-packages:${PYTHONPATH} VIRTUAL_ENV_PROMPT=(.venv) VSCODE_ENV_REPLACE=VIRTUAL_ENV=/home/user/AAE4202_src/.venv:VIRTUAL_ENV_PROMPT=(.venv) /usr/bin/python3 -W ignore:setup.py install is deprecated setup.py develop --editable --build-directory /home/user/AAE4202_src/wk3/turtle_circle/build/turtle_circle/build --no-deps symlink_data
