[0.409s] Invoking command in '/home/user/AAE4202_src/assignment_1/turtle_circle/build/turtle_circle': PYTHONPATH=/home/user/AAE4202_src/assignment_1/turtle_circle/build/turtle_circle/prefix_override:/usr/lib/python3/dist-packages/colcon_core/task/python/colcon_distutils_commands:/home/user/AAE4202_src/assignment_1/turtle_circle/install/turtle_circle/lib/python3.10/site-packages:${PYTHONPATH} /usr/bin/python3 -W ignore:setup.py install is deprecated setup.py develop --editable --build-directory /home/user/AAE4202_src/assignment_1/turtle_circle/build/turtle_circle/build --no-deps symlink_data
[0.595s] running develop
[0.595s] /home/user/.local/lib/python3.10/site-packages/setuptools/command/develop.py:42: EasyInstallDeprecationWarning: easy_install command is deprecated.
[0.595s] !!
[0.595s] 
[0.595s]         ********************************************************************************
[0.595s]         Please avoid running ``setup.py`` and ``easy_install``.
[0.595s]         Instead, use pypa/build, pypa/installer or other
[0.595s]         standards-based tools.
[0.595s] 
[0.595s]         See https://github.com/pypa/setuptools/issues/917 for details.
[0.595s]         ********************************************************************************
[0.595s] 
[0.595s] !!
[0.595s]   easy_install.initialize_options(self)
[0.698s] running egg_info
[0.698s] creating turtle_circle.egg-info
[0.705s] writing turtle_circle.egg-info/PKG-INFO
[0.705s] writing dependency_links to turtle_circle.egg-info/dependency_links.txt
[0.705s] writing entry points to turtle_circle.egg-info/entry_points.txt
[0.705s] writing requirements to turtle_circle.egg-info/requires.txt
[0.705s] writing top-level names to turtle_circle.egg-info/top_level.txt
[0.705s] writing manifest file 'turtle_circle.egg-info/SOURCES.txt'
[0.713s] reading manifest file 'turtle_circle.egg-info/SOURCES.txt'
[0.713s] writing manifest file 'turtle_circle.egg-info/SOURCES.txt'
[0.721s] running build_ext
[0.728s] Creating /home/user/AAE4202_src/assignment_1/turtle_circle/install/turtle_circle/lib/python3.10/site-packages/turtle-circle.egg-link (link to .)
[0.729s] Installing turtle_pose_show_node script to /home/user/AAE4202_src/assignment_1/turtle_circle/install/turtle_circle/lib/turtle_circle
[0.729s] Installing turtle_teleop_key script to /home/user/AAE4202_src/assignment_1/turtle_circle/install/turtle_circle/lib/turtle_circle
[0.729s] 
[0.729s] Installed /home/user/AAE4202_src/assignment_1/turtle_circle/build/turtle_circle
[0.729s] running symlink_data
[0.729s] creating /home/user/AAE4202_src/assignment_1/turtle_circle/install/turtle_circle/share/ament_index
[0.729s] creating /home/user/AAE4202_src/assignment_1/turtle_circle/install/turtle_circle/share/ament_index/resource_index
[0.729s] creating /home/user/AAE4202_src/assignment_1/turtle_circle/install/turtle_circle/share/ament_index/resource_index/packages
[0.730s] error: can't copy '/home/user/AAE4202_src/assignment_1/turtle_circle/build/turtle_circle/resource/turtle_circle': doesn't exist or not a regular file
[0.747s] Invoked command in '/home/user/AAE4202_src/assignment_1/turtle_circle/build/turtle_circle' returned '1': PYTHONPATH=/home/user/AAE4202_src/assignment_1/turtle_circle/build/turtle_circle/prefix_override:/usr/lib/python3/dist-packages/colcon_core/task/python/colcon_distutils_commands:/home/user/AAE4202_src/assignment_1/turtle_circle/install/turtle_circle/lib/python3.10/site-packages:${PYTHONPATH} /usr/bin/python3 -W ignore:setup.py install is deprecated setup.py develop --editable --build-directory /home/user/AAE4202_src/assignment_1/turtle_circle/build/turtle_circle/build --no-deps symlink_data
