[0.367s] Invoking command in '/home/user/AAE4202_src/wk3/turtle_circle/build/turtle_circle': PYTHONPATH=/home/user/AAE4202_src/wk3/turtle_circle/build/turtle_circle/prefix_override:/usr/lib/python3/dist-packages/colcon_core/task/python/colcon_distutils_commands:/home/user/AAE4202_src/wk3/turtle_circle/install/turtle_circle/lib/python3.10/site-packages:${PYTHONPATH} /usr/bin/python3 -W ignore:setup.py install is deprecated setup.py develop --editable --build-directory /home/user/AAE4202_src/wk3/turtle_circle/build/turtle_circle/build --no-deps symlink_data
[0.530s] running develop
[0.530s] /usr/lib/python3/dist-packages/setuptools/command/easy_install.py:158: EasyInstallDeprecationWarning: easy_install command is deprecated. Use build and pip and other standards-based tools.
[0.531s]   warnings.warn(
[0.618s] running egg_info
[0.618s] writing turtle_circle.egg-info/PKG-INFO
[0.619s] writing dependency_links to turtle_circle.egg-info/dependency_links.txt
[0.619s] writing entry points to turtle_circle.egg-info/entry_points.txt
[0.619s] writing requirements to turtle_circle.egg-info/requires.txt
[0.620s] writing top-level names to turtle_circle.egg-info/top_level.txt
[0.620s] reading manifest file 'turtle_circle.egg-info/SOURCES.txt'
[0.620s] writing manifest file 'turtle_circle.egg-info/SOURCES.txt'
[0.621s] running build_ext
[0.621s] Creating /home/user/AAE4202_src/wk3/turtle_circle/install/turtle_circle/lib/python3.10/site-packages/turtle-circle.egg-link (link to .)
[0.621s] Installing turtle_pose_show_node script to /home/user/AAE4202_src/wk3/turtle_circle/install/turtle_circle/lib/turtle_circle
[0.622s] Installing turtle_teleop_key script to /home/user/AAE4202_src/wk3/turtle_circle/install/turtle_circle/lib/turtle_circle
[0.622s] 
[0.622s] Installed /home/user/AAE4202_src/wk3/turtle_circle/build/turtle_circle
[0.622s] running symlink_data
[0.622s] creating /home/user/AAE4202_src/wk3/turtle_circle/install/turtle_circle/share/turtle_circle/launch
[0.622s] symbolically linking /home/user/AAE4202_src/wk3/turtle_circle/build/turtle_circle/launch/turtle_circle_launch.py -> /home/user/AAE4202_src/wk3/turtle_circle/install/turtle_circle/share/turtle_circle/launch
[0.639s] Invoked command in '/home/user/AAE4202_src/wk3/turtle_circle/build/turtle_circle' returned '0': PYTHONPATH=/home/user/AAE4202_src/wk3/turtle_circle/build/turtle_circle/prefix_override:/usr/lib/python3/dist-packages/colcon_core/task/python/colcon_distutils_commands:/home/user/AAE4202_src/wk3/turtle_circle/install/turtle_circle/lib/python3.10/site-packages:${PYTHONPATH} /usr/bin/python3 -W ignore:setup.py install is deprecated setup.py develop --editable --build-directory /home/user/AAE4202_src/wk3/turtle_circle/build/turtle_circle/build --no-deps symlink_data
