[0.419s] Invoking command in '/home/user/AAE4202_src/assignment_1/turtle_circle/build/turtle_circle': PYTHONPATH=/home/user/AAE4202_src/assignment_1/turtle_circle/build/turtle_circle/prefix_override:/usr/lib/python3/dist-packages/colcon_core/task/python/colcon_distutils_commands:/home/user/AAE4202_src/assignment_1/turtle_circle/install/turtle_circle/lib/python3.10/site-packages:${PYTHONPATH} /usr/bin/python3 -W ignore:setup.py install is deprecated setup.py develop --editable --build-directory /home/user/AAE4202_src/assignment_1/turtle_circle/build/turtle_circle/build --no-deps symlink_data
[0.606s] running develop
[0.606s] /home/user/.local/lib/python3.10/site-packages/setuptools/command/develop.py:42: EasyInstallDeprecationWarning: easy_install command is deprecated.
[0.606s] !!
[0.606s] 
[0.606s]         ********************************************************************************
[0.606s]         Please avoid running ``setup.py`` and ``easy_install``.
[0.606s]         Instead, use pypa/build, pypa/installer or other
[0.606s]         standards-based tools.
[0.606s] 
[0.606s]         See https://github.com/pypa/setuptools/issues/917 for details.
[0.607s]         ********************************************************************************
[0.607s] 
[0.607s] !!
[0.607s]   easy_install.initialize_options(self)
[0.722s] running egg_info
[0.729s] writing turtle_circle.egg-info/PKG-INFO
[0.730s] writing dependency_links to turtle_circle.egg-info/dependency_links.txt
[0.730s] writing entry points to turtle_circle.egg-info/entry_points.txt
[0.730s] writing requirements to turtle_circle.egg-info/requires.txt
[0.730s] writing top-level names to turtle_circle.egg-info/top_level.txt
[0.737s] reading manifest file 'turtle_circle.egg-info/SOURCES.txt'
[0.738s] writing manifest file 'turtle_circle.egg-info/SOURCES.txt'
[0.747s] running build_ext
[0.754s] Creating /home/user/AAE4202_src/assignment_1/turtle_circle/install/turtle_circle/lib/python3.10/site-packages/turtle-circle.egg-link (link to .)
[0.755s] Installing turtle_pose_show_node script to /home/user/AAE4202_src/assignment_1/turtle_circle/install/turtle_circle/lib/turtle_circle
[0.755s] Installing turtle_teleop_key script to /home/user/AAE4202_src/assignment_1/turtle_circle/install/turtle_circle/lib/turtle_circle
[0.755s] 
[0.755s] Installed /home/user/AAE4202_src/assignment_1/turtle_circle/build/turtle_circle
[0.755s] running symlink_data
[0.756s] symbolically linking /home/user/AAE4202_src/assignment_1/turtle_circle/build/turtle_circle/resource/turtle_circle -> /home/user/AAE4202_src/assignment_1/turtle_circle/install/turtle_circle/share/ament_index/resource_index/packages
[0.756s] symbolically linking /home/user/AAE4202_src/assignment_1/turtle_circle/build/turtle_circle/package.xml -> /home/user/AAE4202_src/assignment_1/turtle_circle/install/turtle_circle/share/turtle_circle
[0.756s] error: can't copy '/home/user/AAE4202_src/assignment_1/turtle_circle/build/turtle_circle/launch/turtle_circle.launch': doesn't exist or not a regular file
[0.772s] Invoked command in '/home/user/AAE4202_src/assignment_1/turtle_circle/build/turtle_circle' returned '1': PYTHONPATH=/home/user/AAE4202_src/assignment_1/turtle_circle/build/turtle_circle/prefix_override:/usr/lib/python3/dist-packages/colcon_core/task/python/colcon_distutils_commands:/home/user/AAE4202_src/assignment_1/turtle_circle/install/turtle_circle/lib/python3.10/site-packages:${PYTHONPATH} /usr/bin/python3 -W ignore:setup.py install is deprecated setup.py develop --editable --build-directory /home/user/AAE4202_src/assignment_1/turtle_circle/build/turtle_circle/build --no-deps symlink_data
