running egg_info
writing build/teacher_student_pkg/teacher_student_pkg.egg-info/PKG-INFO
writing dependency_links to build/teacher_student_pkg/teacher_student_pkg.egg-info/dependency_links.txt
writing entry points to build/teacher_student_pkg/teacher_student_pkg.egg-info/entry_points.txt
writing requirements to build/teacher_student_pkg/teacher_student_pkg.egg-info/requires.txt
writing top-level names to build/teacher_student_pkg/teacher_student_pkg.egg-info/top_level.txt
reading manifest file 'build/teacher_student_pkg/teacher_student_pkg.egg-info/SOURCES.txt'
writing manifest file 'build/teacher_student_pkg/teacher_student_pkg.egg-info/SOURCES.txt'
running build
running build_py
running install
running install_lib
running install_data
running install_egg_info
removing '/home/user/AAE4202_src/wk3/teacher_student_pkg/install/teacher_student_pkg/lib/python3.10/site-packages/teacher_student_pkg-0.0.0-py3.10.egg-info' (and everything under it)
Copying build/teacher_student_pkg/teacher_student_pkg.egg-info to /home/user/AAE4202_src/wk3/teacher_student_pkg/install/teacher_student_pkg/lib/python3.10/site-packages/teacher_student_pkg-0.0.0-py3.10.egg-info
running install_scripts
Installing student_receive_node script to /home/user/AAE4202_src/wk3/teacher_student_pkg/install/teacher_student_pkg/lib/teacher_student_pkg
Installing teacher_hello_node script to /home/user/AAE4202_src/wk3/teacher_student_pkg/install/teacher_student_pkg/lib/teacher_student_pkg
writing list of installed files to '/home/user/AAE4202_src/wk3/teacher_student_pkg/build/teacher_student_pkg/install.log'
