[0.358s] Invoking command in '/home/user/AAE4202_src/wk3/assignment1': PYTHONPATH=/home/user/AAE4202_src/wk3/assignment1/build/assignment1/prefix_override:/usr/lib/python3/dist-packages/colcon_core/task/python/colcon_distutils_commands:/home/user/AAE4202_src/wk3/assignment1/install/assignment1/lib/python3.10/site-packages:${PYTHONPATH} /usr/bin/python3 -W ignore:setup.py install is deprecated setup.py egg_info --egg-base build/assignment1 build --build-base /home/user/AAE4202_src/wk3/assignment1/build/assignment1/build install --record /home/user/AAE4202_src/wk3/assignment1/build/assignment1/install.log --single-version-externally-managed install_data
[0.503s] running egg_info
[0.503s] creating build/assignment1/assignment1.egg-info
[0.503s] writing build/assignment1/assignment1.egg-info/PKG-INFO
[0.503s] writing dependency_links to build/assignment1/assignment1.egg-info/dependency_links.txt
[0.503s] writing entry points to build/assignment1/assignment1.egg-info/entry_points.txt
[0.503s] writing requirements to build/assignment1/assignment1.egg-info/requires.txt
[0.504s] writing top-level names to build/assignment1/assignment1.egg-info/top_level.txt
[0.504s] writing manifest file 'build/assignment1/assignment1.egg-info/SOURCES.txt'
[0.504s] reading manifest file 'build/assignment1/assignment1.egg-info/SOURCES.txt'
[0.505s] writing manifest file 'build/assignment1/assignment1.egg-info/SOURCES.txt'
[0.505s] running build
[0.505s] running build_py
[0.505s] creating /home/user/AAE4202_src/wk3/assignment1/build/assignment1/build
[0.505s] creating /home/user/AAE4202_src/wk3/assignment1/build/assignment1/build/lib
[0.505s] creating /home/user/AAE4202_src/wk3/assignment1/build/assignment1/build/lib/assignment1
[0.505s] copying assignment1/my_node_1.py -> /home/user/AAE4202_src/wk3/assignment1/build/assignment1/build/lib/assignment1
[0.505s] copying assignment1/__init__.py -> /home/user/AAE4202_src/wk3/assignment1/build/assignment1/build/lib/assignment1
[0.505s] running install
[0.506s] running install_lib
[0.506s] creating /home/user/AAE4202_src/wk3/assignment1/install/assignment1/lib/python3.10/site-packages/assignment1
[0.506s] copying /home/user/AAE4202_src/wk3/assignment1/build/assignment1/build/lib/assignment1/my_node_1.py -> /home/user/AAE4202_src/wk3/assignment1/install/assignment1/lib/python3.10/site-packages/assignment1
[0.506s] copying /home/user/AAE4202_src/wk3/assignment1/build/assignment1/build/lib/assignment1/__init__.py -> /home/user/AAE4202_src/wk3/assignment1/install/assignment1/lib/python3.10/site-packages/assignment1
[0.506s] byte-compiling /home/user/AAE4202_src/wk3/assignment1/install/assignment1/lib/python3.10/site-packages/assignment1/my_node_1.py to my_node_1.cpython-310.pyc
[0.506s] byte-compiling /home/user/AAE4202_src/wk3/assignment1/install/assignment1/lib/python3.10/site-packages/assignment1/__init__.py to __init__.cpython-310.pyc
[0.506s] running install_data
[0.506s] creating /home/user/AAE4202_src/wk3/assignment1/install/assignment1/share/ament_index
[0.506s] creating /home/user/AAE4202_src/wk3/assignment1/install/assignment1/share/ament_index/resource_index
[0.506s] creating /home/user/AAE4202_src/wk3/assignment1/install/assignment1/share/ament_index/resource_index/packages
[0.506s] copying resource/assignment1 -> /home/user/AAE4202_src/wk3/assignment1/install/assignment1/share/ament_index/resource_index/packages
[0.506s] copying package.xml -> /home/user/AAE4202_src/wk3/assignment1/install/assignment1/share/assignment1
[0.507s] running install_egg_info
[0.507s] Copying build/assignment1/assignment1.egg-info to /home/user/AAE4202_src/wk3/assignment1/install/assignment1/lib/python3.10/site-packages/assignment1-0.0.0-py3.10.egg-info
[0.507s] running install_scripts
[0.519s] Installing my_node_1 script to /home/user/AAE4202_src/wk3/assignment1/install/assignment1/lib/assignment1
[0.519s] writing list of installed files to '/home/user/AAE4202_src/wk3/assignment1/build/assignment1/install.log'
[0.533s] Invoked command in '/home/user/AAE4202_src/wk3/assignment1' returned '0': PYTHONPATH=/home/user/AAE4202_src/wk3/assignment1/build/assignment1/prefix_override:/usr/lib/python3/dist-packages/colcon_core/task/python/colcon_distutils_commands:/home/user/AAE4202_src/wk3/assignment1/install/assignment1/lib/python3.10/site-packages:${PYTHONPATH} /usr/bin/python3 -W ignore:setup.py install is deprecated setup.py egg_info --egg-base build/assignment1 build --build-base /home/user/AAE4202_src/wk3/assignment1/build/assignment1/build install --record /home/user/AAE4202_src/wk3/assignment1/build/assignment1/install.log --single-version-externally-managed install_data
