[0.349s] Invoking command in '/home/user/AAE4202_src/wk3/turtle_circle': PYTHONPATH=/home/user/AAE4202_src/wk3/turtle_circle/build/turtle_circle/prefix_override:/usr/lib/python3/dist-packages/colcon_core/task/python/colcon_distutils_commands:/home/user/AAE4202_src/wk3/turtle_circle/install/turtle_circle/lib/python3.10/site-packages:${PYTHONPATH} /usr/bin/python3 -W ignore:setup.py install is deprecated setup.py egg_info --egg-base build/turtle_circle build --build-base /home/user/AAE4202_src/wk3/turtle_circle/build/turtle_circle/build install --record /home/user/AAE4202_src/wk3/turtle_circle/build/turtle_circle/install.log --single-version-externally-managed install_data
[0.484s] running egg_info
[0.484s] creating build/turtle_circle/turtle_circle.egg-info
[0.484s] writing build/turtle_circle/turtle_circle.egg-info/PKG-INFO
[0.484s] writing dependency_links to build/turtle_circle/turtle_circle.egg-info/dependency_links.txt
[0.484s] writing entry points to build/turtle_circle/turtle_circle.egg-info/entry_points.txt
[0.484s] writing requirements to build/turtle_circle/turtle_circle.egg-info/requires.txt
[0.484s] writing top-level names to build/turtle_circle/turtle_circle.egg-info/top_level.txt
[0.485s] writing manifest file 'build/turtle_circle/turtle_circle.egg-info/SOURCES.txt'
[0.485s] reading manifest file 'build/turtle_circle/turtle_circle.egg-info/SOURCES.txt'
[0.486s] writing manifest file 'build/turtle_circle/turtle_circle.egg-info/SOURCES.txt'
[0.486s] running build
[0.486s] running build_py
[0.486s] creating /home/user/AAE4202_src/wk3/turtle_circle/build/turtle_circle/build
[0.486s] creating /home/user/AAE4202_src/wk3/turtle_circle/build/turtle_circle/build/lib
[0.486s] creating /home/user/AAE4202_src/wk3/turtle_circle/build/turtle_circle/build/lib/turtle_circle
[0.486s] copying turtle_circle/turtlesim_node.py -> /home/user/AAE4202_src/wk3/turtle_circle/build/turtle_circle/build/lib/turtle_circle
[0.486s] copying turtle_circle/turtle_teleop_key.py -> /home/user/AAE4202_src/wk3/turtle_circle/build/turtle_circle/build/lib/turtle_circle
[0.487s] copying turtle_circle/__init__.py -> /home/user/AAE4202_src/wk3/turtle_circle/build/turtle_circle/build/lib/turtle_circle
[0.487s] running install
[0.487s] running install_lib
[0.487s] creating /home/user/AAE4202_src/wk3/turtle_circle/install/turtle_circle/lib/python3.10/site-packages/turtle_circle
[0.487s] copying /home/user/AAE4202_src/wk3/turtle_circle/build/turtle_circle/build/lib/turtle_circle/turtlesim_node.py -> /home/user/AAE4202_src/wk3/turtle_circle/install/turtle_circle/lib/python3.10/site-packages/turtle_circle
[0.487s] copying /home/user/AAE4202_src/wk3/turtle_circle/build/turtle_circle/build/lib/turtle_circle/turtle_teleop_key.py -> /home/user/AAE4202_src/wk3/turtle_circle/install/turtle_circle/lib/python3.10/site-packages/turtle_circle
[0.487s] copying /home/user/AAE4202_src/wk3/turtle_circle/build/turtle_circle/build/lib/turtle_circle/__init__.py -> /home/user/AAE4202_src/wk3/turtle_circle/install/turtle_circle/lib/python3.10/site-packages/turtle_circle
[0.487s] byte-compiling /home/user/AAE4202_src/wk3/turtle_circle/install/turtle_circle/lib/python3.10/site-packages/turtle_circle/turtlesim_node.py to turtlesim_node.cpython-310.pyc
[0.487s] byte-compiling /home/user/AAE4202_src/wk3/turtle_circle/install/turtle_circle/lib/python3.10/site-packages/turtle_circle/turtle_teleop_key.py to turtle_teleop_key.cpython-310.pyc
[0.488s] byte-compiling /home/user/AAE4202_src/wk3/turtle_circle/install/turtle_circle/lib/python3.10/site-packages/turtle_circle/__init__.py to __init__.cpython-310.pyc
[0.488s] running install_data
[0.488s] creating /home/user/AAE4202_src/wk3/turtle_circle/install/turtle_circle/share/ament_index
[0.488s] creating /home/user/AAE4202_src/wk3/turtle_circle/install/turtle_circle/share/ament_index/resource_index
[0.488s] creating /home/user/AAE4202_src/wk3/turtle_circle/install/turtle_circle/share/ament_index/resource_index/packages
[0.488s] copying resource/turtle_circle -> /home/user/AAE4202_src/wk3/turtle_circle/install/turtle_circle/share/ament_index/resource_index/packages
[0.488s] copying package.xml -> /home/user/AAE4202_src/wk3/turtle_circle/install/turtle_circle/share/turtle_circle
[0.488s] running install_egg_info
[0.488s] Copying build/turtle_circle/turtle_circle.egg-info to /home/user/AAE4202_src/wk3/turtle_circle/install/turtle_circle/lib/python3.10/site-packages/turtle_circle-0.0.0-py3.10.egg-info
[0.489s] running install_scripts
[0.500s] Installing turtle_teleop_key script to /home/user/AAE4202_src/wk3/turtle_circle/install/turtle_circle/lib/turtle_circle
[0.500s] Installing turtlesim_node script to /home/user/AAE4202_src/wk3/turtle_circle/install/turtle_circle/lib/turtle_circle
[0.500s] writing list of installed files to '/home/user/AAE4202_src/wk3/turtle_circle/build/turtle_circle/install.log'
[0.514s] Invoked command in '/home/user/AAE4202_src/wk3/turtle_circle' returned '0': PYTHONPATH=/home/user/AAE4202_src/wk3/turtle_circle/build/turtle_circle/prefix_override:/usr/lib/python3/dist-packages/colcon_core/task/python/colcon_distutils_commands:/home/user/AAE4202_src/wk3/turtle_circle/install/turtle_circle/lib/python3.10/site-packages:${PYTHONPATH} /usr/bin/python3 -W ignore:setup.py install is deprecated setup.py egg_info --egg-base build/turtle_circle build --build-base /home/user/AAE4202_src/wk3/turtle_circle/build/turtle_circle/build install --record /home/user/AAE4202_src/wk3/turtle_circle/build/turtle_circle/install.log --single-version-externally-managed install_data
