/home/user/.local/lib/python3.10/site-packages/setuptools/__init__.py:94: _DeprecatedInstaller: setuptools.installer and fetch_build_eggs are deprecated.
!!

        ********************************************************************************
        Requirements should be satisfied by a PEP 517 installer.
        If you are using pip, you can try `pip install --use-pep517`.
        ********************************************************************************

!!
  dist.fetch_build_eggs(dist.setup_requires)
/home/user/.local/lib/python3.10/site-packages/setuptools/_distutils/dist.py:261: UserWarning: Unknown distribution option: 'tests_require'
  warnings.warn(msg)
/home/user/AAE4202_src/wk3/turtle_circle/build/turtle_circle/.eggs/setuptools_scm-8.1.0-py3.10.egg/setuptools_scm/_integration/setuptools.py:92: UserWarning: version of turtle_circle already set
  warnings.warn(f"version of {dist_name} already set")
running develop
/home/user/.local/lib/python3.10/site-packages/setuptools/command/develop.py:41: EasyInstallDeprecationWarning: easy_install command is deprecated.
!!

        ********************************************************************************
        Please avoid running ``setup.py`` and ``easy_install``.
        Instead, use pypa/build, pypa/installer or other
        standards-based tools.

        See https://github.com/pypa/setuptools/issues/917 for details.
        ********************************************************************************

!!
  easy_install.initialize_options(self)
Traceback (most recent call last):
  File "/home/user/AAE4202_src/wk3/turtle_circle/build/turtle_circle/setup.py", line 6, in <module>
    setup(
  File "/home/user/.local/lib/python3.10/site-packages/setuptools/__init__.py", line 117, in setup
    return distutils.core.setup(**attrs)
  File "/home/user/.local/lib/python3.10/site-packages/setuptools/_distutils/core.py", line 183, in setup
    return run_commands(dist)
  File "/home/user/.local/lib/python3.10/site-packages/setuptools/_distutils/core.py", line 199, in run_commands
    dist.run_commands()
  File "/home/user/.local/lib/python3.10/site-packages/setuptools/_distutils/dist.py", line 954, in run_commands
    self.run_command(cmd)
  File "/home/user/.local/lib/python3.10/site-packages/setuptools/dist.py", line 950, in run_command
    super().run_command(command)
  File "/home/user/.local/lib/python3.10/site-packages/setuptools/_distutils/dist.py", line 972, in run_command
    cmd_obj.ensure_finalized()
  File "/home/user/.local/lib/python3.10/site-packages/setuptools/_distutils/cmd.py", line 111, in ensure_finalized
    self.finalize_options()
  File "/home/user/.local/lib/python3.10/site-packages/setuptools/command/develop.py", line 51, in finalize_options
    easy_install.finalize_options(self)
  File "/home/user/.local/lib/python3.10/site-packages/setuptools/command/easy_install.py", line 253, in finalize_options
    'dist_fullname': self.distribution.get_fullname(),
  File "/home/user/.local/lib/python3.10/site-packages/setuptools/_core_metadata.py", line 267, in get_fullname
    return _distribution_fullname(self.get_name(), self.get_version())
  File "/home/user/.local/lib/python3.10/site-packages/setuptools/_core_metadata.py", line 285, in _distribution_fullname
    canonicalize_version(version, strip_trailing_zero=False),
TypeError: canonicalize_version() got an unexpected keyword argument 'strip_trailing_zero'
