[0.689s] Invoking command in '/home/user/AAE4202_src/wk3/turtle_circle/build/turtle_circle': PYTHONPATH=/home/user/AAE4202_src/wk3/turtle_circle/build/turtle_circle/prefix_override:/usr/lib/python3/dist-packages/colcon_core/task/python/colcon_distutils_commands:/home/user/AAE4202_src/wk3/turtle_circle/install/turtle_circle/lib/python3.10/site-packages:${PYTHONPATH} VIRTUAL_ENV_PROMPT=(.venv) VSCODE_ENV_REPLACE=VIRTUAL_ENV=/home/user/AAE4202_src/.venv:VIRTUAL_ENV_PROMPT=(.venv) /usr/bin/python3 -W ignore:setup.py install is deprecated setup.py develop --editable --build-directory /home/user/AAE4202_src/wk3/turtle_circle/build/turtle_circle/build --no-deps symlink_data
[0.833s] /home/user/.local/lib/python3.10/site-packages/setuptools/__init__.py:94: _DeprecatedInstaller: setuptools.installer and fetch_build_eggs are deprecated.
[0.833s] !!
[0.833s] 
[0.833s]         ********************************************************************************
[0.833s]         Requirements should be satisfied by a PEP 517 installer.
[0.833s]         If you are using pip, you can try `pip install --use-pep517`.
[0.833s]         ********************************************************************************
[0.834s] 
[0.834s] !!
[0.834s]   dist.fetch_build_eggs(dist.setup_requires)
[0.912s] /home/user/.local/lib/python3.10/site-packages/setuptools/_distutils/dist.py:261: UserWarning: Unknown distribution option: 'tests_require'
[0.913s]   warnings.warn(msg)
[0.932s] /home/user/AAE4202_src/wk3/turtle_circle/build/turtle_circle/.eggs/setuptools_scm-8.1.0-py3.10.egg/setuptools_scm/_integration/setuptools.py:92: UserWarning: version of turtle_circle already set
[0.932s]   warnings.warn(f"version of {dist_name} already set")
[0.953s] running develop
[0.953s] /home/user/.local/lib/python3.10/site-packages/setuptools/command/develop.py:41: EasyInstallDeprecationWarning: easy_install command is deprecated.
[0.953s] !!
[0.953s] 
[0.953s]         ********************************************************************************
[0.953s]         Please avoid running ``setup.py`` and ``easy_install``.
[0.953s]         Instead, use pypa/build, pypa/installer or other
[0.953s]         standards-based tools.
[0.953s] 
[0.953s]         See https://github.com/pypa/setuptools/issues/917 for details.
[0.953s]         ********************************************************************************
[0.953s] 
[0.953s] !!
[0.953s]   easy_install.initialize_options(self)
[0.961s] Traceback (most recent call last):
[0.961s]   File "/home/user/AAE4202_src/wk3/turtle_circle/build/turtle_circle/setup.py", line 6, in <module>
[0.961s]     setup(
[0.961s]   File "/home/user/.local/lib/python3.10/site-packages/setuptools/__init__.py", line 117, in setup
[0.961s]     return distutils.core.setup(**attrs)
[0.961s]   File "/home/user/.local/lib/python3.10/site-packages/setuptools/_distutils/core.py", line 183, in setup
[0.961s]     return run_commands(dist)
[0.961s]   File "/home/user/.local/lib/python3.10/site-packages/setuptools/_distutils/core.py", line 199, in run_commands
[0.961s]     dist.run_commands()
[0.961s]   File "/home/user/.local/lib/python3.10/site-packages/setuptools/_distutils/dist.py", line 954, in run_commands
[0.962s]     self.run_command(cmd)
[0.962s]   File "/home/user/.local/lib/python3.10/site-packages/setuptools/dist.py", line 950, in run_command
[0.962s]     super().run_command(command)
[0.962s]   File "/home/user/.local/lib/python3.10/site-packages/setuptools/_distutils/dist.py", line 972, in run_command
[0.962s]     cmd_obj.ensure_finalized()
[0.962s]   File "/home/user/.local/lib/python3.10/site-packages/setuptools/_distutils/cmd.py", line 111, in ensure_finalized
[0.962s]     self.finalize_options()
[0.962s]   File "/home/user/.local/lib/python3.10/site-packages/setuptools/command/develop.py", line 51, in finalize_options
[0.962s]     easy_install.finalize_options(self)
[0.962s]   File "/home/user/.local/lib/python3.10/site-packages/setuptools/command/easy_install.py", line 253, in finalize_options
[0.962s]     'dist_fullname': self.distribution.get_fullname(),
[0.962s]   File "/home/user/.local/lib/python3.10/site-packages/setuptools/_core_metadata.py", line 267, in get_fullname
[0.962s]     return _distribution_fullname(self.get_name(), self.get_version())
[0.962s]   File "/home/user/.local/lib/python3.10/site-packages/setuptools/_core_metadata.py", line 285, in _distribution_fullname
[0.962s]     canonicalize_version(version, strip_trailing_zero=False),
[0.962s] TypeError: canonicalize_version() got an unexpected keyword argument 'strip_trailing_zero'
[0.979s] Invoked command in '/home/user/AAE4202_src/wk3/turtle_circle/build/turtle_circle' returned '1': PYTHONPATH=/home/user/AAE4202_src/wk3/turtle_circle/build/turtle_circle/prefix_override:/usr/lib/python3/dist-packages/colcon_core/task/python/colcon_distutils_commands:/home/user/AAE4202_src/wk3/turtle_circle/install/turtle_circle/lib/python3.10/site-packages:${PYTHONPATH} VIRTUAL_ENV_PROMPT=(.venv) VSCODE_ENV_REPLACE=VIRTUAL_ENV=/home/user/AAE4202_src/.venv:VIRTUAL_ENV_PROMPT=(.venv) /usr/bin/python3 -W ignore:setup.py install is deprecated setup.py develop --editable --build-directory /home/user/AAE4202_src/wk3/turtle_circle/build/turtle_circle/build --no-deps symlink_data
