[0.427s] Invoking command in '/home/user/AAE4202_src/wk3/turtle_circle': PYTHONPATH=/home/user/AAE4202_src/wk3/turtle_circle/build/turtle_circle/prefix_override:/usr/lib/python3/dist-packages/colcon_core/task/python/colcon_distutils_commands:/home/user/AAE4202_src/wk3/turtle_circle/install/turtle_circle/lib/python3.10/site-packages:${PYTHONPATH} VIRTUAL_ENV_PROMPT=(.venv) /usr/bin/python3 -W ignore:setup.py install is deprecated setup.py egg_info --egg-base build/turtle_circle build --build-base /home/user/AAE4202_src/wk3/turtle_circle/build/turtle_circle/build install --record /home/user/AAE4202_src/wk3/turtle_circle/build/turtle_circle/install.log --single-version-externally-managed install_data
[0.523s] /home/user/.local/lib/python3.10/site-packages/setuptools/_distutils/dist.py:261: UserWarning: Unknown distribution option: 'tests_require'
[0.524s]   warnings.warn(msg)
[0.569s] running egg_info
[0.569s] creating build/turtle_circle/turtle_circle.egg-info
[0.576s] writing build/turtle_circle/turtle_circle.egg-info/PKG-INFO
[0.576s] writing dependency_links to build/turtle_circle/turtle_circle.egg-info/dependency_links.txt
[0.577s] writing entry points to build/turtle_circle/turtle_circle.egg-info/entry_points.txt
[0.577s] writing requirements to build/turtle_circle/turtle_circle.egg-info/requires.txt
[0.577s] writing top-level names to build/turtle_circle/turtle_circle.egg-info/top_level.txt
[0.577s] writing manifest file 'build/turtle_circle/turtle_circle.egg-info/SOURCES.txt'
[0.592s] reading manifest file 'build/turtle_circle/turtle_circle.egg-info/SOURCES.txt'
[0.593s] Traceback (most recent call last):
[0.593s]   File "/home/user/AAE4202_src/wk3/turtle_circle/setup.py", line 5, in <module>
[0.593s]     setup(
[0.593s]   File "/home/user/.local/lib/python3.10/site-packages/setuptools/__init__.py", line 117, in setup
[0.593s]     return distutils.core.setup(**attrs)
[0.594s]   File "/home/user/.local/lib/python3.10/site-packages/setuptools/_distutils/core.py", line 183, in setup
[0.594s]     return run_commands(dist)
[0.594s]   File "/home/user/.local/lib/python3.10/site-packages/setuptools/_distutils/core.py", line 199, in run_commands
[0.594s]     dist.run_commands()
[0.594s]   File "/home/user/.local/lib/python3.10/site-packages/setuptools/_distutils/dist.py", line 954, in run_commands
[0.594s]     self.run_command(cmd)
[0.594s]   File "/home/user/.local/lib/python3.10/site-packages/setuptools/dist.py", line 950, in run_command
[0.595s]     super().run_command(command)
[0.595s]   File "/home/user/.local/lib/python3.10/site-packages/setuptools/_distutils/dist.py", line 973, in run_command
[0.595s]     cmd_obj.run()
[0.595s]   File "/home/user/.local/lib/python3.10/site-packages/setuptools/command/egg_info.py", line 311, in run
[0.595s]     self.find_sources()
[0.595s]   File "/home/user/.local/lib/python3.10/site-packages/setuptools/command/egg_info.py", line 319, in find_sources
[0.595s]     mm.run()
[0.595s]   File "/home/user/.local/lib/python3.10/site-packages/setuptools/command/egg_info.py", line 545, in run
[0.595s]     self.prune_file_list()
[0.595s]   File "/home/user/.local/lib/python3.10/site-packages/setuptools/command/sdist.py", line 161, in prune_file_list
[0.596s]     super().prune_file_list()
[0.596s]   File "/home/user/.local/lib/python3.10/site-packages/setuptools/_distutils/command/sdist.py", line 380, in prune_file_list
[0.596s]     base_dir = self.distribution.get_fullname()
[0.596s]   File "/home/user/.local/lib/python3.10/site-packages/setuptools/_core_metadata.py", line 267, in get_fullname
[0.596s]     return _distribution_fullname(self.get_name(), self.get_version())
[0.596s]   File "/home/user/.local/lib/python3.10/site-packages/setuptools/_core_metadata.py", line 285, in _distribution_fullname
[0.596s]     canonicalize_version(version, strip_trailing_zero=False),
[0.596s] TypeError: canonicalize_version() got an unexpected keyword argument 'strip_trailing_zero'
[0.621s] Invoked command in '/home/user/AAE4202_src/wk3/turtle_circle' returned '1': PYTHONPATH=/home/user/AAE4202_src/wk3/turtle_circle/build/turtle_circle/prefix_override:/usr/lib/python3/dist-packages/colcon_core/task/python/colcon_distutils_commands:/home/user/AAE4202_src/wk3/turtle_circle/install/turtle_circle/lib/python3.10/site-packages:${PYTHONPATH} VIRTUAL_ENV_PROMPT=(.venv) /usr/bin/python3 -W ignore:setup.py install is deprecated setup.py egg_info --egg-base build/turtle_circle build --build-base /home/user/AAE4202_src/wk3/turtle_circle/build/turtle_circle/build install --record /home/user/AAE4202_src/wk3/turtle_circle/build/turtle_circle/install.log --single-version-externally-managed install_data
