[0.000000] (-) TimerEvent: {}
[0.000333] (turtle_circle) JobQueued: {'identifier': 'turtle_circle', 'dependencies': OrderedDict()}
[0.000351] (turtle_circle) JobStarted: {'identifier': 'turtle_circle'}
[0.098971] (-) TimerEvent: {}
[0.199247] (-) TimerEvent: {}
[0.299517] (-) TimerEvent: {}
[0.399819] (-) TimerEvent: {}
[0.406627] (turtle_circle) Command: {'cmd': ['/usr/bin/python3', '-W', 'ignore:setup.py install is deprecated', 'setup.py', 'develop', '--editable', '--build-directory', '/home/user/AAE4202_src/wk3/turtle_circle/build/turtle_circle/build', '--no-deps', 'symlink_data', '--force'], 'cwd': '/home/user/AAE4202_src/wk3/turtle_circle/build/turtle_circle', 'env': {'GJS_DEBUG_TOPICS': 'JS ERROR;JS LOG', 'LESSOPEN': '| /usr/bin/lesspipe %s', 'LANGUAGE': 'zh_CN:en', 'USER': 'user', 'LC_TIME': 'zh_CN.UTF-8', 'XDG_SESSION_TYPE': 'wayland', 'GIT_ASKPASS': '/usr/share/code/resources/app/extensions/git/dist/askpass.sh', 'SHLVL': '0', 'LD_LIBRARY_PATH': '/opt/ros/humble/opt/rviz_ogre_vendor/lib:/opt/ros/humble/lib/x86_64-linux-gnu:/opt/ros/humble/lib', 'HOME': '/home/user', 'CHROME_DESKTOP': 'code-url-handler.desktop', 'OLDPWD': '/home/user/AAE4202_src', 'TERM_PROGRAM_VERSION': '1.93.1', 'DESKTOP_SESSION': 'ubuntu', 'GIO_LAUNCHED_DESKTOP_FILE': '/usr/share/applications/code.desktop', 'ROS_PYTHON_VERSION': '3', 'GNOME_SHELL_SESSION_MODE': 'ubuntu', 'GTK_MODULES': 'gail:atk-bridge', 'VSCODE_GIT_ASKPASS_MAIN': '/usr/share/code/resources/app/extensions/git/dist/askpass-main.js', 'LC_MONETARY': 'zh_CN.UTF-8', 'VSCODE_GIT_ASKPASS_NODE': '/usr/share/code/code', 'MANAGERPID': '1622', 'SYSTEMD_EXEC_PID': '1801', 'IM_CONFIG_CHECK_ENV': '1', 'DBUS_SESSION_BUS_ADDRESS': 'unix:path=/run/user/1000/bus', 'COLORTERM': 'truecolor', 'GIO_LAUNCHED_DESKTOP_FILE_PID': '4597', 'IM_CONFIG_PHASE': '1', 'WAYLAND_DISPLAY': 'wayland-0', 'ROS_DISTRO': 'humble', 'LOGNAME': 'user', 'JOURNAL_STREAM': '8:17169', '_': '/usr/bin/colcon', 'ROS_VERSION': '2', 'XDG_SESSION_CLASS': 'user', 'USERNAME': 'user', 'TERM': 'xterm-256color', 'GNOME_DESKTOP_SESSION_ID': 'this-is-deprecated', 'ROS_LOCALHOST_ONLY': '0', 'PATH': '/home/user/.local/bin:/home/user/.local/bin:/opt/ros/humble/bin:/home/user/.local/bin:/usr/local/sbin:/usr/local/bin:/usr/sbin:/usr/bin:/sbin:/bin:/usr/games:/usr/local/games:/snap/bin:/snap/bin', 'SESSION_MANAGER': 'local/user-NUC14RVK-B:@/tmp/.ICE-unix/1772,unix/user-NUC14RVK-B:/tmp/.ICE-unix/1772', 'INVOCATION_ID': '0304c0f530124c5dabb80a3c9f12bdf7', 'PAPERSIZE': 'a4', 'XDG_MENU_PREFIX': 'gnome-', 'LC_ADDRESS': 'zh_CN.UTF-8', 'GNOME_SETUP_DISPLAY': ':1', 'XDG_RUNTIME_DIR': '/run/user/1000', 'GDK_BACKEND': 'x11', 'DISPLAY': ':0', 'LANG': 'zh_CN.UTF-8', 'XDG_CURRENT_DESKTOP': 'Unity', 'LC_TELEPHONE': 'zh_CN.UTF-8', 'XMODIFIERS': '@im=ibus', 'XDG_SESSION_DESKTOP': 'ubuntu', 'XAUTHORITY': '/run/user/1000/.mutter-Xwaylandauth.5C5LU2', 'LS_COLORS': '', 'VSCODE_GIT_IPC_HANDLE': '/run/user/1000/vscode-git-6f4b7c52b0.sock', 'TERM_PROGRAM': 'vscode', 'SSH_AGENT_LAUNCHER': 'gnome-keyring', 'SSH_AUTH_SOCK': '/run/user/1000/keyring/ssh', 'AMENT_PREFIX_PATH': '/opt/ros/humble', 'ORIGINAL_XDG_CURRENT_DESKTOP': 'ubuntu:GNOME', 'SHELL': '/bin/bash', 'LC_NAME': 'zh_CN.UTF-8', 'QT_ACCESSIBILITY': '1', 'GDMSESSION': 'ubuntu', 'LESSCLOSE': '/usr/bin/lesspipe %s %s', 'LC_MEASUREMENT': 'zh_CN.UTF-8', 'GJS_DEBUG_OUTPUT': 'stderr', 'LC_IDENTIFICATION': 'zh_CN.UTF-8', 'VSCODE_GIT_ASKPASS_EXTRA_ARGS': '', 'QT_IM_MODULE': 'ibus', 'PWD': '/home/user/AAE4202_src/wk3/turtle_circle/build/turtle_circle', 'LC_ALL': 'en_US.UTF-8', 'XDG_CONFIG_DIRS': '/etc/xdg/xdg-ubuntu:/etc/xdg', 'XDG_DATA_DIRS': '/usr/share/ubuntu:/usr/local/share/:/usr/share/:/var/lib/snapd/desktop', 'PYTHONPATH': '/home/user/AAE4202_src/wk3/turtle_circle/build/turtle_circle/prefix_override:/usr/lib/python3/dist-packages/colcon_core/task/python/colcon_distutils_commands:/home/user/AAE4202_src/wk3/turtle_circle/install/turtle_circle/lib/python3.10/site-packages:/opt/ros/humble/lib/python3.10/site-packages:/opt/ros/humble/local/lib/python3.10/dist-packages', 'LC_NUMERIC': 'zh_CN.UTF-8', 'LC_PAPER': 'zh_CN.UTF-8', 'COLCON': '1'}, 'shell': False}
[0.500000] (-) TimerEvent: {}
[0.555716] (turtle_circle) StdoutLine: {'line': b'running develop\n'}
[0.556114] (turtle_circle) StderrLine: {'line': b'/usr/lib/python3/dist-packages/setuptools/command/easy_install.py:158: EasyInstallDeprecationWarning: easy_install command is deprecated. Use build and pip and other standards-based tools.\n'}
[0.556270] (turtle_circle) StderrLine: {'line': b'  warnings.warn(\n'}
[0.600089] (-) TimerEvent: {}
[0.639264] (turtle_circle) StdoutLine: {'line': b'running egg_info\n'}
[0.639526] (turtle_circle) StdoutLine: {'line': b'writing turtle_circle.egg-info/PKG-INFO\n'}
[0.639606] (turtle_circle) StdoutLine: {'line': b'writing dependency_links to turtle_circle.egg-info/dependency_links.txt\n'}
[0.639743] (turtle_circle) StdoutLine: {'line': b'writing entry points to turtle_circle.egg-info/entry_points.txt\n'}
[0.639862] (turtle_circle) StdoutLine: {'line': b'writing requirements to turtle_circle.egg-info/requires.txt\n'}
[0.639923] (turtle_circle) StdoutLine: {'line': b'writing top-level names to turtle_circle.egg-info/top_level.txt\n'}
[0.640681] (turtle_circle) StdoutLine: {'line': b"reading manifest file 'turtle_circle.egg-info/SOURCES.txt'\n"}
[0.641131] (turtle_circle) StdoutLine: {'line': b"writing manifest file 'turtle_circle.egg-info/SOURCES.txt'\n"}
[0.641860] (turtle_circle) StdoutLine: {'line': b'running build_ext\n'}
[0.642007] (turtle_circle) StdoutLine: {'line': b'Creating /home/user/AAE4202_src/wk3/turtle_circle/install/turtle_circle/lib/python3.10/site-packages/turtle-circle.egg-link (link to .)\n'}
[0.642381] (turtle_circle) StdoutLine: {'line': b'Installing turtle_pose_show_node script to /home/user/AAE4202_src/wk3/turtle_circle/install/turtle_circle/lib/turtle_circle\n'}
[0.642480] (turtle_circle) StdoutLine: {'line': b'Installing turtle_teleop_key script to /home/user/AAE4202_src/wk3/turtle_circle/install/turtle_circle/lib/turtle_circle\n'}
[0.642574] (turtle_circle) StdoutLine: {'line': b'\n'}
[0.642636] (turtle_circle) StdoutLine: {'line': b'Installed /home/user/AAE4202_src/wk3/turtle_circle/build/turtle_circle\n'}
[0.642741] (turtle_circle) StdoutLine: {'line': b'running symlink_data\n'}
[0.642850] (turtle_circle) StdoutLine: {'line': b'symbolically linking /home/user/AAE4202_src/wk3/turtle_circle/build/turtle_circle/resource/turtle_circle -> /home/user/AAE4202_src/wk3/turtle_circle/install/turtle_circle/share/ament_index/resource_index/packages\n'}
[0.642912] (turtle_circle) StdoutLine: {'line': b'symbolically linking /home/user/AAE4202_src/wk3/turtle_circle/build/turtle_circle/package.xml -> /home/user/AAE4202_src/wk3/turtle_circle/install/turtle_circle/share/turtle_circle\n'}
[0.658044] (turtle_circle) CommandEnded: {'returncode': 0}
[0.672831] (turtle_circle) JobEnded: {'identifier': 'turtle_circle', 'rc': 0}
[0.673514] (-) EventReactorShutdown: {}
