[0.454s] Invoking command in '/home/user/AAE4202_src/assignment_1/turtle_circle/build/turtle_circle': PYTHONPATH=/home/user/AAE4202_src/assignment_1/turtle_circle/build/turtle_circle/prefix_override:/usr/lib/python3/dist-packages/colcon_core/task/python/colcon_distutils_commands:/home/user/AAE4202_src/assignment_1/turtle_circle/install/turtle_circle/lib/python3.10/site-packages:${PYTHONPATH} /usr/bin/python3 -W ignore:setup.py install is deprecated setup.py develop --editable --build-directory /home/user/AAE4202_src/assignment_1/turtle_circle/build/turtle_circle/build --no-deps symlink_data
[0.622s] running develop
[0.622s] /home/user/.local/lib/python3.10/site-packages/setuptools/command/develop.py:42: EasyInstallDeprecationWarning: easy_install command is deprecated.
[0.622s] !!
[0.622s] 
[0.622s]         ********************************************************************************
[0.622s]         Please avoid running ``setup.py`` and ``easy_install``.
[0.622s]         Instead, use pypa/build, pypa/installer or other
[0.622s]         standards-based tools.
[0.622s] 
[0.623s]         See https://github.com/pypa/setuptools/issues/917 for details.
[0.623s]         ********************************************************************************
[0.623s] 
[0.623s] !!
[0.623s]   easy_install.initialize_options(self)
[0.724s] running egg_info
[0.731s] writing turtle_circle.egg-info/PKG-INFO
[0.732s] writing dependency_links to turtle_circle.egg-info/dependency_links.txt
[0.732s] writing entry points to turtle_circle.egg-info/entry_points.txt
[0.732s] writing requirements to turtle_circle.egg-info/requires.txt
[0.732s] writing top-level names to turtle_circle.egg-info/top_level.txt
[0.747s] reading manifest file 'turtle_circle.egg-info/SOURCES.txt'
[0.748s] writing manifest file 'turtle_circle.egg-info/SOURCES.txt'
[0.756s] running build_ext
[0.756s] Creating /home/user/AAE4202_src/assignment_1/turtle_circle/install/turtle_circle/lib/python3.10/site-packages/turtle-circle.egg-link (link to .)
[0.756s] Installing turtle_pose_show_node script to /home/user/AAE4202_src/assignment_1/turtle_circle/install/turtle_circle/lib/turtle_circle
[0.757s] Installing turtle_teleop_key script to /home/user/AAE4202_src/assignment_1/turtle_circle/install/turtle_circle/lib/turtle_circle
[0.757s] 
[0.757s] Installed /home/user/AAE4202_src/assignment_1/turtle_circle/build/turtle_circle
[0.758s] running symlink_data
[0.776s] Invoked command in '/home/user/AAE4202_src/assignment_1/turtle_circle/build/turtle_circle' returned '0': PYTHONPATH=/home/user/AAE4202_src/assignment_1/turtle_circle/build/turtle_circle/prefix_override:/usr/lib/python3/dist-packages/colcon_core/task/python/colcon_distutils_commands:/home/user/AAE4202_src/assignment_1/turtle_circle/install/turtle_circle/lib/python3.10/site-packages:${PYTHONPATH} /usr/bin/python3 -W ignore:setup.py install is deprecated setup.py develop --editable --build-directory /home/user/AAE4202_src/assignment_1/turtle_circle/build/turtle_circle/build --no-deps symlink_data
