[0.354s] Invoking command in '/home/user/AAE4202_src/wk3/teacher_student_pkg': PYTHONPATH=/home/user/AAE4202_src/wk3/teacher_student_pkg/build/teacher_student_pkg/prefix_override:/usr/lib/python3/dist-packages/colcon_core/task/python/colcon_distutils_commands:/home/user/AAE4202_src/wk3/teacher_student_pkg/install/teacher_student_pkg/lib/python3.10/site-packages:${PYTHONPATH} /usr/bin/python3 -W ignore:setup.py install is deprecated setup.py egg_info --egg-base build/teacher_student_pkg build --build-base /home/user/AAE4202_src/wk3/teacher_student_pkg/build/teacher_student_pkg/build install --record /home/user/AAE4202_src/wk3/teacher_student_pkg/build/teacher_student_pkg/install.log --single-version-externally-managed install_data
[0.558s] running egg_info
[0.559s] writing build/teacher_student_pkg/teacher_student_pkg.egg-info/PKG-INFO
[0.559s] writing dependency_links to build/teacher_student_pkg/teacher_student_pkg.egg-info/dependency_links.txt
[0.559s] writing entry points to build/teacher_student_pkg/teacher_student_pkg.egg-info/entry_points.txt
[0.559s] writing requirements to build/teacher_student_pkg/teacher_student_pkg.egg-info/requires.txt
[0.559s] writing top-level names to build/teacher_student_pkg/teacher_student_pkg.egg-info/top_level.txt
[0.560s] reading manifest file 'build/teacher_student_pkg/teacher_student_pkg.egg-info/SOURCES.txt'
[0.560s] writing manifest file 'build/teacher_student_pkg/teacher_student_pkg.egg-info/SOURCES.txt'
[0.560s] running build
[0.560s] running build_py
[0.560s] running install
[0.561s] running install_lib
[0.561s] running install_data
[0.561s] running install_egg_info
[0.562s] removing '/home/user/AAE4202_src/wk3/teacher_student_pkg/install/teacher_student_pkg/lib/python3.10/site-packages/teacher_student_pkg-0.0.0-py3.10.egg-info' (and everything under it)
[0.562s] Copying build/teacher_student_pkg/teacher_student_pkg.egg-info to /home/user/AAE4202_src/wk3/teacher_student_pkg/install/teacher_student_pkg/lib/python3.10/site-packages/teacher_student_pkg-0.0.0-py3.10.egg-info
[0.563s] running install_scripts
[0.573s] Installing student_receive_node = teacher_student_pkg.student_receive_node:mainteacher_hello_node script to /home/user/AAE4202_src/wk3/teacher_student_pkg/install/teacher_student_pkg/lib/teacher_student_pkg
[0.573s] writing list of installed files to '/home/user/AAE4202_src/wk3/teacher_student_pkg/build/teacher_student_pkg/install.log'
[0.588s] Invoked command in '/home/user/AAE4202_src/wk3/teacher_student_pkg' returned '0': PYTHONPATH=/home/user/AAE4202_src/wk3/teacher_student_pkg/build/teacher_student_pkg/prefix_override:/usr/lib/python3/dist-packages/colcon_core/task/python/colcon_distutils_commands:/home/user/AAE4202_src/wk3/teacher_student_pkg/install/teacher_student_pkg/lib/python3.10/site-packages:${PYTHONPATH} /usr/bin/python3 -W ignore:setup.py install is deprecated setup.py egg_info --egg-base build/teacher_student_pkg build --build-base /home/user/AAE4202_src/wk3/teacher_student_pkg/build/teacher_student_pkg/build install --record /home/user/AAE4202_src/wk3/teacher_student_pkg/build/teacher_student_pkg/install.log --single-version-externally-managed install_data
