[0.360s] Invoking command in '/home/user/AAE4202_src/wk3/turtle_circle': PYTHONPATH=/home/user/AAE4202_src/wk3/turtle_circle/build/turtle_circle/prefix_override:/usr/lib/python3/dist-packages/colcon_core/task/python/colcon_distutils_commands:/home/user/AAE4202_src/wk3/turtle_circle/install/turtle_circle/lib/python3.10/site-packages:${PYTHONPATH} /usr/bin/python3 -W ignore:setup.py install is deprecated setup.py egg_info --egg-base build/turtle_circle build --build-base /home/user/AAE4202_src/wk3/turtle_circle/build/turtle_circle/build install --record /home/user/AAE4202_src/wk3/turtle_circle/build/turtle_circle/install.log --single-version-externally-managed install_data
[0.497s] running egg_info
[0.498s] writing build/turtle_circle/turtle_circle.egg-info/PKG-INFO
[0.498s] writing dependency_links to build/turtle_circle/turtle_circle.egg-info/dependency_links.txt
[0.498s] writing entry points to build/turtle_circle/turtle_circle.egg-info/entry_points.txt
[0.498s] writing requirements to build/turtle_circle/turtle_circle.egg-info/requires.txt
[0.498s] writing top-level names to build/turtle_circle/turtle_circle.egg-info/top_level.txt
[0.499s] reading manifest file 'build/turtle_circle/turtle_circle.egg-info/SOURCES.txt'
[0.499s] writing manifest file 'build/turtle_circle/turtle_circle.egg-info/SOURCES.txt'
[0.499s] running build
[0.499s] running build_py
[0.500s] copying turtle_circle/turtle_teleop_key.py -> /home/user/AAE4202_src/wk3/turtle_circle/build/turtle_circle/build/lib/turtle_circle
[0.500s] running install
[0.500s] running install_lib
[0.500s] copying /home/user/AAE4202_src/wk3/turtle_circle/build/turtle_circle/build/lib/turtle_circle/turtle_teleop_key.py -> /home/user/AAE4202_src/wk3/turtle_circle/install/turtle_circle/lib/python3.10/site-packages/turtle_circle
[0.500s] byte-compiling /home/user/AAE4202_src/wk3/turtle_circle/install/turtle_circle/lib/python3.10/site-packages/turtle_circle/turtle_teleop_key.py to turtle_teleop_key.cpython-310.pyc
[0.500s] running install_data
[0.501s]   File "/home/user/AAE4202_src/wk3/turtle_circle/install/turtle_circle/lib/python3.10/site-packages/turtle_circle/turtle_teleop_key.py", line 12
[0.501s]     global theta = 270 / 180 * math.pi
[0.501s]                  ^
[0.501s] SyntaxError: invalid syntax
[0.501s] 
[0.501s] running install_egg_info
[0.501s] removing '/home/user/AAE4202_src/wk3/turtle_circle/install/turtle_circle/lib/python3.10/site-packages/turtle_circle-0.0.0-py3.10.egg-info' (and everything under it)
[0.502s] Copying build/turtle_circle/turtle_circle.egg-info to /home/user/AAE4202_src/wk3/turtle_circle/install/turtle_circle/lib/python3.10/site-packages/turtle_circle-0.0.0-py3.10.egg-info
[0.502s] running install_scripts
[0.513s] Installing turtle_teleop_key script to /home/user/AAE4202_src/wk3/turtle_circle/install/turtle_circle/lib/turtle_circle
[0.513s] writing list of installed files to '/home/user/AAE4202_src/wk3/turtle_circle/build/turtle_circle/install.log'
[0.526s] Invoked command in '/home/user/AAE4202_src/wk3/turtle_circle' returned '0': PYTHONPATH=/home/user/AAE4202_src/wk3/turtle_circle/build/turtle_circle/prefix_override:/usr/lib/python3/dist-packages/colcon_core/task/python/colcon_distutils_commands:/home/user/AAE4202_src/wk3/turtle_circle/install/turtle_circle/lib/python3.10/site-packages:${PYTHONPATH} /usr/bin/python3 -W ignore:setup.py install is deprecated setup.py egg_info --egg-base build/turtle_circle build --build-base /home/user/AAE4202_src/wk3/turtle_circle/build/turtle_circle/build install --record /home/user/AAE4202_src/wk3/turtle_circle/build/turtle_circle/install.log --single-version-externally-managed install_data
