[0.057s] DEBUG:colcon:Command line arguments: ['/usr/bin/colcon', 'build', '--packages-select', 'turtle_circle', '--symlink-install']
[0.057s] DEBUG:colcon:Parsed command line arguments: Namespace(log_base=None, log_level=None, verb_name='build', build_base='build', install_base='install', merge_install=False, symlink_install=True, test_result_base=None, continue_on_error=False, executor='parallel', parallel_workers=22, event_handlers=None, ignore_user_meta=False, metas=['./colcon.meta'], base_paths=['.'], packages_ignore=None, packages_ignore_regex=None, paths=None, packages_up_to=None, packages_up_to_regex=None, packages_above=None, packages_above_and_dependencies=None, packages_above_depth=None, packages_select_by_dep=None, packages_skip_by_dep=None, packages_skip_up_to=None, packages_select_build_failed=False, packages_skip_build_finished=False, packages_select_test_failures=False, packages_skip_test_passed=False, packages_select=['turtle_circle'], packages_skip=None, packages_select_regex=None, packages_skip_regex=None, packages_start=None, packages_end=None, allow_overriding=[], cmake_args=None, cmake_target=None, cmake_target_skip_unavailable=False, cmake_clean_cache=False, cmake_clean_first=False, cmake_force_configure=False, ament_cmake_args=None, catkin_cmake_args=None, catkin_skip_building_tests=False, mixin_files=None, mixin=None, verb_parser=<colcon_mixin.mixin.mixin_argument.MixinArgumentDecorator object at 0x75e19a53f520>, verb_extension=<colcon_core.verb.build.BuildVerb object at 0x75e19a643d90>, main=<bound method BuildVerb.main of <colcon_core.verb.build.BuildVerb object at 0x75e19a643d90>>, mixin_verb=('build',))
[0.078s] Level 1:colcon.colcon_core.package_discovery:discover_packages(colcon_meta) check parameters
[0.078s] Level 1:colcon.colcon_core.package_discovery:discover_packages(recursive) check parameters
[0.078s] Level 1:colcon.colcon_core.package_discovery:discover_packages(ignore) check parameters
[0.078s] Level 1:colcon.colcon_core.package_discovery:discover_packages(path) check parameters
[0.078s] Level 1:colcon.colcon_core.package_discovery:discover_packages(colcon_meta) discover
[0.078s] Level 1:colcon.colcon_core.package_discovery:discover_packages(recursive) discover
[0.078s] INFO:colcon.colcon_core.package_discovery:Crawling recursively for packages in '/home/user/AAE4202_src/wk3/turtle_circle'
[0.078s] Level 1:colcon.colcon_core.package_identification:_identify(.) by extensions ['ignore', 'ignore_ament_install']
[0.078s] Level 1:colcon.colcon_core.package_identification:_identify(.) by extension 'ignore'
[0.078s] Level 1:colcon.colcon_core.package_identification:_identify(.) by extension 'ignore_ament_install'
[0.078s] Level 1:colcon.colcon_core.package_identification:_identify(.) by extensions ['colcon_pkg']
[0.078s] Level 1:colcon.colcon_core.package_identification:_identify(.) by extension 'colcon_pkg'
[0.078s] Level 1:colcon.colcon_core.package_identification:_identify(.) by extensions ['colcon_meta']
[0.078s] Level 1:colcon.colcon_core.package_identification:_identify(.) by extension 'colcon_meta'
[0.078s] Level 1:colcon.colcon_core.package_identification:_identify(.) by extensions ['ros']
[0.078s] Level 1:colcon.colcon_core.package_identification:_identify(.) by extension 'ros'
[0.088s] DEBUG:colcon.colcon_core.package_identification:Package '.' with type 'ros.ament_python' and name 'turtle_circle'
[0.088s] Level 1:colcon.colcon_core.package_discovery:discover_packages(recursive) using defaults
[0.088s] Level 1:colcon.colcon_core.package_discovery:discover_packages(ignore) discover
[0.088s] Level 1:colcon.colcon_core.package_discovery:discover_packages(ignore) using defaults
[0.088s] Level 1:colcon.colcon_core.package_discovery:discover_packages(path) discover
[0.088s] Level 1:colcon.colcon_core.package_discovery:discover_packages(path) using defaults
[0.098s] Level 1:colcon.colcon_core.package_discovery:discover_packages(prefix_path) check parameters
[0.098s] Level 1:colcon.colcon_core.package_discovery:discover_packages(prefix_path) discover
[0.099s] DEBUG:colcon.colcon_installed_package_information.package_discovery:Found 273 installed packages in /opt/ros/humble
[0.100s] Level 1:colcon.colcon_core.package_discovery:discover_packages(prefix_path) using defaults
[0.118s] Level 5:colcon.colcon_core.verb:set package 'turtle_circle' build argument 'cmake_args' from command line to 'None'
[0.118s] Level 5:colcon.colcon_core.verb:set package 'turtle_circle' build argument 'cmake_target' from command line to 'None'
[0.118s] Level 5:colcon.colcon_core.verb:set package 'turtle_circle' build argument 'cmake_target_skip_unavailable' from command line to 'False'
[0.118s] Level 5:colcon.colcon_core.verb:set package 'turtle_circle' build argument 'cmake_clean_cache' from command line to 'False'
[0.118s] Level 5:colcon.colcon_core.verb:set package 'turtle_circle' build argument 'cmake_clean_first' from command line to 'False'
[0.118s] Level 5:colcon.colcon_core.verb:set package 'turtle_circle' build argument 'cmake_force_configure' from command line to 'False'
[0.118s] Level 5:colcon.colcon_core.verb:set package 'turtle_circle' build argument 'ament_cmake_args' from command line to 'None'
[0.118s] Level 5:colcon.colcon_core.verb:set package 'turtle_circle' build argument 'catkin_cmake_args' from command line to 'None'
[0.118s] Level 5:colcon.colcon_core.verb:set package 'turtle_circle' build argument 'catkin_skip_building_tests' from command line to 'False'
[0.119s] DEBUG:colcon.colcon_core.verb:Building package 'turtle_circle' with the following arguments: {'ament_cmake_args': None, 'build_base': '/home/user/AAE4202_src/wk3/turtle_circle/build/turtle_circle', 'catkin_cmake_args': None, 'catkin_skip_building_tests': False, 'cmake_args': None, 'cmake_clean_cache': False, 'cmake_clean_first': False, 'cmake_force_configure': False, 'cmake_target': None, 'cmake_target_skip_unavailable': False, 'install_base': '/home/user/AAE4202_src/wk3/turtle_circle/install/turtle_circle', 'merge_install': False, 'path': '/home/user/AAE4202_src/wk3/turtle_circle', 'symlink_install': True, 'test_result_base': None}
[0.119s] INFO:colcon.colcon_core.executor:Executing jobs using 'parallel' executor
[0.119s] DEBUG:colcon.colcon_parallel_executor.executor.parallel:run_until_complete
[0.120s] INFO:colcon.colcon_ros.task.ament_python.build:Building ROS package in '/home/user/AAE4202_src/wk3/turtle_circle' with build type 'ament_python'
[0.120s] Level 1:colcon.colcon_core.shell:create_environment_hook('turtle_circle', 'ament_prefix_path')
[0.121s] INFO:colcon.colcon_core.plugin_system:Skipping extension 'colcon_core.shell.bat': Not used on non-Windows systems
[0.121s] INFO:colcon.colcon_core.shell:Creating environment hook '/home/user/AAE4202_src/wk3/turtle_circle/install/turtle_circle/share/turtle_circle/hook/ament_prefix_path.ps1'
[0.122s] INFO:colcon.colcon_core.shell:Creating environment descriptor '/home/user/AAE4202_src/wk3/turtle_circle/install/turtle_circle/share/turtle_circle/hook/ament_prefix_path.dsv'
[0.122s] INFO:colcon.colcon_core.shell:Creating environment hook '/home/user/AAE4202_src/wk3/turtle_circle/install/turtle_circle/share/turtle_circle/hook/ament_prefix_path.sh'
[0.122s] INFO:colcon.colcon_core.shell:Skip shell extension 'powershell' for command environment: Not usable outside of PowerShell
[0.122s] DEBUG:colcon.colcon_core.shell:Skip shell extension 'dsv' for command environment
[0.249s] INFO:colcon.colcon_core.task.python.build:Building Python package in '/home/user/AAE4202_src/wk3/turtle_circle'
[0.249s] INFO:colcon.colcon_core.shell:Skip shell extension 'powershell' for command environment: Not usable outside of PowerShell
[0.249s] DEBUG:colcon.colcon_core.shell:Skip shell extension 'dsv' for command environment
[0.528s] DEBUG:colcon.colcon_core.event_handler.log_command:Invoking command in '/home/user/AAE4202_src/wk3/turtle_circle/build/turtle_circle': PYTHONPATH=/home/user/AAE4202_src/wk3/turtle_circle/build/turtle_circle/prefix_override:/usr/lib/python3/dist-packages/colcon_core/task/python/colcon_distutils_commands:/home/user/AAE4202_src/wk3/turtle_circle/install/turtle_circle/lib/python3.10/site-packages:${PYTHONPATH} /usr/bin/python3 -W ignore:setup.py install is deprecated setup.py develop --editable --build-directory /home/user/AAE4202_src/wk3/turtle_circle/build/turtle_circle/build --no-deps symlink_data
[0.874s] Level 1:colcon.colcon_core.shell:create_environment_hook('turtle_circle', 'pythonpath_develop')
[0.874s] INFO:colcon.colcon_core.shell:Creating environment hook '/home/user/AAE4202_src/wk3/turtle_circle/build/turtle_circle/share/turtle_circle/hook/pythonpath_develop.ps1'
[0.874s] DEBUG:colcon.colcon_core.event_handler.log_command:Invoked command in '/home/user/AAE4202_src/wk3/turtle_circle/build/turtle_circle' returned '0': PYTHONPATH=/home/user/AAE4202_src/wk3/turtle_circle/build/turtle_circle/prefix_override:/usr/lib/python3/dist-packages/colcon_core/task/python/colcon_distutils_commands:/home/user/AAE4202_src/wk3/turtle_circle/install/turtle_circle/lib/python3.10/site-packages:${PYTHONPATH} /usr/bin/python3 -W ignore:setup.py install is deprecated setup.py develop --editable --build-directory /home/user/AAE4202_src/wk3/turtle_circle/build/turtle_circle/build --no-deps symlink_data
[0.875s] INFO:colcon.colcon_core.shell:Creating environment descriptor '/home/user/AAE4202_src/wk3/turtle_circle/build/turtle_circle/share/turtle_circle/hook/pythonpath_develop.dsv'
[0.875s] INFO:colcon.colcon_core.shell:Creating environment hook '/home/user/AAE4202_src/wk3/turtle_circle/build/turtle_circle/share/turtle_circle/hook/pythonpath_develop.sh'
[0.876s] Level 1:colcon.colcon_core.environment:checking '/home/user/AAE4202_src/wk3/turtle_circle/install/turtle_circle' for CMake module files
[0.876s] Level 1:colcon.colcon_core.environment:checking '/home/user/AAE4202_src/wk3/turtle_circle/install/turtle_circle' for CMake config files
[0.877s] Level 1:colcon.colcon_core.environment:checking '/home/user/AAE4202_src/wk3/turtle_circle/install/turtle_circle/lib'
[0.877s] Level 1:colcon.colcon_core.environment:checking '/home/user/AAE4202_src/wk3/turtle_circle/install/turtle_circle/bin'
[0.877s] Level 1:colcon.colcon_core.environment:checking '/home/user/AAE4202_src/wk3/turtle_circle/install/turtle_circle/lib/pkgconfig/turtle_circle.pc'
[0.877s] Level 1:colcon.colcon_core.environment:checking '/home/user/AAE4202_src/wk3/turtle_circle/install/turtle_circle/lib/python3.10/site-packages'
[0.877s] Level 1:colcon.colcon_core.shell:create_environment_hook('turtle_circle', 'pythonpath')
[0.877s] INFO:colcon.colcon_core.shell:Creating environment hook '/home/user/AAE4202_src/wk3/turtle_circle/install/turtle_circle/share/turtle_circle/hook/pythonpath.ps1'
[0.877s] INFO:colcon.colcon_core.shell:Creating environment descriptor '/home/user/AAE4202_src/wk3/turtle_circle/install/turtle_circle/share/turtle_circle/hook/pythonpath.dsv'
[0.877s] INFO:colcon.colcon_core.shell:Creating environment hook '/home/user/AAE4202_src/wk3/turtle_circle/install/turtle_circle/share/turtle_circle/hook/pythonpath.sh'
[0.878s] Level 1:colcon.colcon_core.environment:checking '/home/user/AAE4202_src/wk3/turtle_circle/install/turtle_circle/bin'
[0.878s] Level 1:colcon.colcon_core.environment:create_environment_scripts_only(turtle_circle)
[0.878s] INFO:colcon.colcon_core.shell:Creating package script '/home/user/AAE4202_src/wk3/turtle_circle/install/turtle_circle/share/turtle_circle/package.ps1'
[0.878s] INFO:colcon.colcon_core.shell:Creating package descriptor '/home/user/AAE4202_src/wk3/turtle_circle/install/turtle_circle/share/turtle_circle/package.dsv'
[0.879s] INFO:colcon.colcon_core.shell:Creating package script '/home/user/AAE4202_src/wk3/turtle_circle/install/turtle_circle/share/turtle_circle/package.sh'
[0.879s] INFO:colcon.colcon_core.shell:Creating package script '/home/user/AAE4202_src/wk3/turtle_circle/install/turtle_circle/share/turtle_circle/package.bash'
[0.879s] INFO:colcon.colcon_core.shell:Creating package script '/home/user/AAE4202_src/wk3/turtle_circle/install/turtle_circle/share/turtle_circle/package.zsh'
[0.880s] Level 1:colcon.colcon_core.environment:create_file_with_runtime_dependencies(/home/user/AAE4202_src/wk3/turtle_circle/install/turtle_circle/share/colcon-core/packages/turtle_circle)
[0.880s] DEBUG:colcon.colcon_parallel_executor.executor.parallel:closing loop
[0.880s] DEBUG:colcon.colcon_parallel_executor.executor.parallel:loop closed
[0.880s] DEBUG:colcon.colcon_parallel_executor.executor.parallel:run_until_complete finished with '0'
[0.880s] DEBUG:colcon.colcon_core.event_reactor:joining thread
[0.886s] INFO:colcon.colcon_core.plugin_system:Skipping extension 'colcon_notification.desktop_notification.terminal_notifier': Not used on non-Darwin systems
[0.886s] INFO:colcon.colcon_core.plugin_system:Skipping extension 'colcon_notification.desktop_notification.win32': Not used on non-Windows systems
[0.886s] INFO:colcon.colcon_notification.desktop_notification:Sending desktop notification using 'notify2'
[0.900s] DEBUG:colcon.colcon_core.event_reactor:joined thread
[0.900s] INFO:colcon.colcon_core.shell:Creating prefix script '/home/user/AAE4202_src/wk3/turtle_circle/install/local_setup.ps1'
[0.901s] INFO:colcon.colcon_core.shell:Creating prefix util module '/home/user/AAE4202_src/wk3/turtle_circle/install/_local_setup_util_ps1.py'
[0.902s] INFO:colcon.colcon_core.shell:Creating prefix chain script '/home/user/AAE4202_src/wk3/turtle_circle/install/setup.ps1'
[0.903s] INFO:colcon.colcon_core.shell:Creating prefix script '/home/user/AAE4202_src/wk3/turtle_circle/install/local_setup.sh'
[0.903s] INFO:colcon.colcon_core.shell:Creating prefix util module '/home/user/AAE4202_src/wk3/turtle_circle/install/_local_setup_util_sh.py'
[0.903s] INFO:colcon.colcon_core.shell:Creating prefix chain script '/home/user/AAE4202_src/wk3/turtle_circle/install/setup.sh'
[0.904s] INFO:colcon.colcon_core.shell:Creating prefix script '/home/user/AAE4202_src/wk3/turtle_circle/install/local_setup.bash'
[0.904s] INFO:colcon.colcon_core.shell:Creating prefix chain script '/home/user/AAE4202_src/wk3/turtle_circle/install/setup.bash'
[0.905s] INFO:colcon.colcon_core.shell:Creating prefix script '/home/user/AAE4202_src/wk3/turtle_circle/install/local_setup.zsh'
[0.905s] INFO:colcon.colcon_core.shell:Creating prefix chain script '/home/user/AAE4202_src/wk3/turtle_circle/install/setup.zsh'
